---------- Date: 2016-12-02 00:09:40 ~ IP : ::1 ----------
REQUEST URI : /saudeesabor/admin/index.php?route=sale/order/info&amp;token=12c795c6af4d5ac96999faff65fb36f1&amp;order_id=5557&amp;filter_order_status_id=25&amp;filter_delivery_time=
MOD DETAILS:
   modFile   : /Applications/MAMP/htdocs/saudeesabor/vqmod/xml/corped.xml
   id        : Cor do Pedido
   version   : 1.0.0
   vqmver    : 2.1.5
   author    : Jeann

File Name    : admin/model/sale/order.php(0)
VQModObject::applyMod - SEARCH NOT FOUND (ABORTING MOD): $sql = "SELECT o.order_id, CONCAT(o.firstname, ' ', o.lastname) AS customer, (SELECT os.name FROM " . DB_PREFIX . "order_status os WHERE os.order_status_id = o.order_status_id AND os.language_id = '" . (int)$this->config->get('config_language_id') . "') AS status, o.total, o.currency_code, o.currency_value, o.date_added, o.date_modified FROM `" . DB_PREFIX . "order` o";

----------------------------------------------------------------------


---------- Date: 2016-12-02 00:18:52 ~ IP : ::1 ----------
REQUEST URI : /saudeesabor/admin/index.php?route=sale/order&amp;token=12c795c6af4d5ac96999faff65fb36f1&amp;filter_order_status_id=25&amp;filter_delivery_time=
MOD DETAILS:
   modFile   : /Applications/MAMP/htdocs/saudeesabor/vqmod/xml/corped.xml
   id        : Cor do Pedido
   version   : 1.0.0
   vqmver    : 2.1.5
   author    : Jeann

File Name    : admin/model/sale/order.php(0)
VQModObject::applyMod - SEARCH NOT FOUND (ABORTING MOD): $sql = "SELECT o.order_id, CONCAT(o.firstname, ' ', o.lastname) AS customer, (SELECT os.name FROM " . DB_PREFIX . "order_status os WHERE os.order_status_id = o.order_status_id AND os.language_id = '" . (int)$this->config->get('config_language_id') . "') AS status, o.total, o.currency_code, o.currency_value, o.date_added, o.date_modified FROM `" . DB_PREFIX . "order` o";

----------------------------------------------------------------------


---------- Date: 2016-12-02 00:20:14 ~ IP : ::1 ----------
REQUEST URI : /saudeesabor/admin/index.php?route=sale/order&amp;token=12c795c6af4d5ac96999faff65fb36f1
MOD DETAILS:
   modFile   : /Applications/MAMP/htdocs/saudeesabor/vqmod/xml/corped.xml
   id        : Cor do Pedido
   version   : 1.0.0
   vqmver    : 2.1.5
   author    : Jeann

File Name    : admin/model/sale/order.php(0)
VQModObject::applyMod - SEARCH NOT FOUND (ABORTING MOD): $sql = "SELECT o.order_id, CONCAT(o.firstname, ' ', o.lastname) AS customer, (SELECT os.name FROM " . DB_PREFIX . "order_status os WHERE os.order_status_id = o.order_status_id AND os.language_id = '" . (int)$this->config->get('config_language_id') . "') AS status, o.total, o.currency_code, o.currency_value, o.date_added, o.date_modified FROM `" . DB_PREFIX . "order` o";

----------------------------------------------------------------------


---------- Date: 2016-12-02 00:22:06 ~ IP : ::1 ----------
REQUEST URI : /saudeesabor/admin/index.php?route=sale/order&amp;token=12c795c6af4d5ac96999faff65fb36f1
MOD DETAILS:
   modFile   : /Applications/MAMP/htdocs/saudeesabor/vqmod/xml/corped.xml
   id        : Cor do Pedido
   version   : 1.0.0
   vqmver    : 2.1.5
   author    : Jeann

File Name    : admin/model/sale/order.php(0)
VQModObject::applyMod - SEARCH NOT FOUND (ABORTING MOD): $sql = "SELECT o.order_id, CONCAT(o.firstname, ' ', o.lastname) AS customer, (SELECT os.name FROM " . DB_PREFIX . "order_status os WHERE os.order_status_id = o.order_status_id AND os.language_id = '" . (int)$this->config->get('config_language_id') . "') AS status, o.total, o.currency_code, o.currency_value, o.date_added, o.date_modified FROM `" . DB_PREFIX . "order` o";

----------------------------------------------------------------------


---------- Date: 2016-12-02 00:25:34 ~ IP : ::1 ----------
REQUEST URI : /saudeesabor/admin/index.php?route=sale/order&amp;token=12c795c6af4d5ac96999faff65fb36f1&amp;filter_order_status_id=25&amp;filter_delivery_time=
MOD DETAILS:
   modFile   : /Applications/MAMP/htdocs/saudeesabor/vqmod/xml/corped.xml
   id        : Cor do Pedido
   version   : 1.0.0
   vqmver    : 2.1.5
   author    : Jeann

File Name    : admin/model/sale/order.php(0)
VQModObject::applyMod - SEARCH NOT FOUND (ABORTING MOD): $sql = "SELECT o.order_id, CONCAT(o.firstname, ' ', o.lastname) AS customer, (SELECT os.name FROM " . DB_PREFIX . "order_status os WHERE os.order_status_id = o.order_status_id AND os.language_id = '" . (int)$this->config->get('config_language_id') . "') AS status, o.total, o.currency_code, o.currency_value, o.date_added, o.date_modified FROM `" . DB_PREFIX . "order` o";

----------------------------------------------------------------------


---------- Date: 2016-12-02 00:42:00 ~ IP : ::1 ----------
REQUEST URI : /saudeesabor/admin/index.php?route=sale/order&amp;token=12c795c6af4d5ac96999faff65fb36f1&amp;filter_order_status_id=25&amp;filter_delivery_time=
MOD DETAILS:
   modFile   : /Applications/MAMP/htdocs/saudeesabor/vqmod/xml/corped.xml
   id        : Cor do Pedido
   version   : 1.0.0
   vqmver    : 2.1.5
   author    : Jeann

File Name    : admin/model/sale/order.php(0)
VQModObject::applyMod - SEARCH NOT FOUND (ABORTING MOD): $sql = "SELECT o.order_id, CONCAT(o.firstname, ' ', o.lastname) AS customer, (SELECT os.name FROM " . DB_PREFIX . "order_status os WHERE os.order_status_id = o.order_status_id AND os.language_id = '" . (int)$this->config->get('config_language_id') . "') AS status, o.total, o.currency_code, o.currency_value, o.date_added, o.date_modified FROM `" . DB_PREFIX . "order` o";

----------------------------------------------------------------------


---------- Date: 2016-12-02 00:48:02 ~ IP : ::1 ----------
REQUEST URI : /saudeesabor/admin/index.php?route=sale/order&amp;token=12c795c6af4d5ac96999faff65fb36f1&amp;filter_order_status_id=25&amp;filter_delivery_time=
MOD DETAILS:
   modFile   : /Applications/MAMP/htdocs/saudeesabor/vqmod/xml/corped.xml
   id        : Cor do Pedido
   version   : 1.0.0
   vqmver    : 2.1.5
   author    : Jeann

File Name    : admin/model/sale/order.php(0)
VQModObject::applyMod - SEARCH NOT FOUND (ABORTING MOD): $sql = "SELECT o.order_id, CONCAT(o.firstname, ' ', o.lastname) AS customer, (SELECT os.name FROM " . DB_PREFIX . "order_status os WHERE os.order_status_id = o.order_status_id AND os.language_id = '" . (int)$this->config->get('config_language_id') . "') AS status, o.total, o.currency_code, o.currency_value, o.date_added, o.date_modified FROM `" . DB_PREFIX . "order` o";

----------------------------------------------------------------------


---------- Date: 2016-12-02 00:50:05 ~ IP : ::1 ----------
REQUEST URI : /saudeesabor/admin/index.php?route=sale/order/info&amp;token=12c795c6af4d5ac96999faff65fb36f1&amp;order_id=5557&amp;filter_order_status_id=25&amp;filter_delivery_time=
MOD DETAILS:
   modFile   : /Applications/MAMP/htdocs/saudeesabor/vqmod/xml/corped.xml
   id        : Cor do Pedido
   version   : 1.0.0
   vqmver    : 2.1.5
   author    : Jeann

File Name    : admin/model/sale/order.php(0)
VQModObject::applyMod - SEARCH NOT FOUND (ABORTING MOD): $sql = "SELECT o.order_id, CONCAT(o.firstname, ' ', o.lastname) AS customer, (SELECT os.name FROM " . DB_PREFIX . "order_status os WHERE os.order_status_id = o.order_status_id AND os.language_id = '" . (int)$this->config->get('config_language_id') . "') AS status, o.total, o.currency_code, o.currency_value, o.date_added, o.date_modified FROM `" . DB_PREFIX . "order` o";

----------------------------------------------------------------------


---------- Date: 2016-12-02 00:55:31 ~ IP : ::1 ----------
REQUEST URI : /saudeesabor/admin/index.php?route=sale/order/update&amp;token=12c795c6af4d5ac96999faff65fb36f1&amp;order_id=5557&amp;filter_order_status_id=25&amp;filter_delivery_time=
MOD DETAILS:
   modFile   : /Applications/MAMP/htdocs/saudeesabor/vqmod/xml/corped.xml
   id        : Cor do Pedido
   version   : 1.0.0
   vqmver    : 2.1.5
   author    : Jeann

File Name    : admin/model/sale/order.php(0)
VQModObject::applyMod - SEARCH NOT FOUND (ABORTING MOD): $sql = "SELECT o.order_id, CONCAT(o.firstname, ' ', o.lastname) AS customer, (SELECT os.name FROM " . DB_PREFIX . "order_status os WHERE os.order_status_id = o.order_status_id AND os.language_id = '" . (int)$this->config->get('config_language_id') . "') AS status, o.total, o.currency_code, o.currency_value, o.date_added, o.date_modified FROM `" . DB_PREFIX . "order` o";

----------------------------------------------------------------------


---------- Date: 2016-12-02 01:14:43 ~ IP : ::1 ----------
REQUEST URI : /saudeesabor/admin/index.php?route=sale/order/info&amp;token=12c795c6af4d5ac96999faff65fb36f1&amp;order_id=5557&amp;filter_order_status_id=25&amp;filter_delivery_time=
MOD DETAILS:
   modFile   : /Applications/MAMP/htdocs/saudeesabor/vqmod/xml/corped.xml
   id        : Cor do Pedido
   version   : 1.0.0
   vqmver    : 2.1.5
   author    : Jeann

File Name    : admin/model/sale/order.php(0)
VQModObject::applyMod - SEARCH NOT FOUND (ABORTING MOD): $sql = "SELECT o.order_id, CONCAT(o.firstname, ' ', o.lastname) AS customer, (SELECT os.name FROM " . DB_PREFIX . "order_status os WHERE os.order_status_id = o.order_status_id AND os.language_id = '" . (int)$this->config->get('config_language_id') . "') AS status, o.total, o.currency_code, o.currency_value, o.date_added, o.date_modified FROM `" . DB_PREFIX . "order` o";

----------------------------------------------------------------------


---------- Date: 2016-12-02 01:15:21 ~ IP : ::1 ----------
REQUEST URI : /saudeesabor/admin/index.php?route=sale/order/info&amp;token=12c795c6af4d5ac96999faff65fb36f1&amp;order_id=5557&amp;filter_order_status_id=25&amp;filter_delivery_time=
MOD DETAILS:
   modFile   : /Applications/MAMP/htdocs/saudeesabor/vqmod/xml/corped.xml
   id        : Cor do Pedido
   version   : 1.0.0
   vqmver    : 2.1.5
   author    : Jeann

File Name    : admin/model/sale/order.php(0)
VQModObject::applyMod - SEARCH NOT FOUND (ABORTING MOD): $sql = "SELECT o.order_id, CONCAT(o.firstname, ' ', o.lastname) AS customer, (SELECT os.name FROM " . DB_PREFIX . "order_status os WHERE os.order_status_id = o.order_status_id AND os.language_id = '" . (int)$this->config->get('config_language_id') . "') AS status, o.total, o.currency_code, o.currency_value, o.date_added, o.date_modified FROM `" . DB_PREFIX . "order` o";

----------------------------------------------------------------------


---------- Date: 2016-12-02 01:16:43 ~ IP : ::1 ----------
REQUEST URI : /saudeesabor/admin/index.php?route=sale/order/info&amp;token=12c795c6af4d5ac96999faff65fb36f1&amp;order_id=5557&amp;filter_order_status_id=25&amp;filter_delivery_time=
MOD DETAILS:
   modFile   : /Applications/MAMP/htdocs/saudeesabor/vqmod/xml/corped.xml
   id        : Cor do Pedido
   version   : 1.0.0
   vqmver    : 2.1.5
   author    : Jeann

File Name    : admin/model/sale/order.php(0)
VQModObject::applyMod - SEARCH NOT FOUND (ABORTING MOD): $sql = "SELECT o.order_id, CONCAT(o.firstname, ' ', o.lastname) AS customer, (SELECT os.name FROM " . DB_PREFIX . "order_status os WHERE os.order_status_id = o.order_status_id AND os.language_id = '" . (int)$this->config->get('config_language_id') . "') AS status, o.total, o.currency_code, o.currency_value, o.date_added, o.date_modified FROM `" . DB_PREFIX . "order` o";

----------------------------------------------------------------------


---------- Date: 2016-12-02 01:17:17 ~ IP : ::1 ----------
REQUEST URI : /saudeesabor/admin/index.php?route=sale/order/info&amp;token=12c795c6af4d5ac96999faff65fb36f1&amp;order_id=5557&amp;filter_order_status_id=25&amp;filter_delivery_time=
MOD DETAILS:
   modFile   : /Applications/MAMP/htdocs/saudeesabor/vqmod/xml/corped.xml
   id        : Cor do Pedido
   version   : 1.0.0
   vqmver    : 2.1.5
   author    : Jeann

File Name    : admin/model/sale/order.php(0)
VQModObject::applyMod - SEARCH NOT FOUND (ABORTING MOD): $sql = "SELECT o.order_id, CONCAT(o.firstname, ' ', o.lastname) AS customer, (SELECT os.name FROM " . DB_PREFIX . "order_status os WHERE os.order_status_id = o.order_status_id AND os.language_id = '" . (int)$this->config->get('config_language_id') . "') AS status, o.total, o.currency_code, o.currency_value, o.date_added, o.date_modified FROM `" . DB_PREFIX . "order` o";

----------------------------------------------------------------------


---------- Date: 2016-12-02 01:17:56 ~ IP : ::1 ----------
REQUEST URI : /saudeesabor/admin/index.php?route=sale/order/info&amp;token=12c795c6af4d5ac96999faff65fb36f1&amp;order_id=5557&amp;filter_order_status_id=25&amp;filter_delivery_time=
MOD DETAILS:
   modFile   : /Applications/MAMP/htdocs/saudeesabor/vqmod/xml/corped.xml
   id        : Cor do Pedido
   version   : 1.0.0
   vqmver    : 2.1.5
   author    : Jeann

File Name    : admin/model/sale/order.php(0)
VQModObject::applyMod - SEARCH NOT FOUND (ABORTING MOD): $sql = "SELECT o.order_id, CONCAT(o.firstname, ' ', o.lastname) AS customer, (SELECT os.name FROM " . DB_PREFIX . "order_status os WHERE os.order_status_id = o.order_status_id AND os.language_id = '" . (int)$this->config->get('config_language_id') . "') AS status, o.total, o.currency_code, o.currency_value, o.date_added, o.date_modified FROM `" . DB_PREFIX . "order` o";

----------------------------------------------------------------------


---------- Date: 2016-12-02 01:20:54 ~ IP : ::1 ----------
REQUEST URI : /saudeesabor/admin/index.php?route=sale/order/info&amp;token=12c795c6af4d5ac96999faff65fb36f1&amp;order_id=5557&amp;filter_order_status_id=25&amp;filter_delivery_time=
MOD DETAILS:
   modFile   : /Applications/MAMP/htdocs/saudeesabor/vqmod/xml/corped.xml
   id        : Cor do Pedido
   version   : 1.0.0
   vqmver    : 2.1.5
   author    : Jeann

File Name    : admin/model/sale/order.php(0)
VQModObject::applyMod - SEARCH NOT FOUND (ABORTING MOD): $sql = "SELECT o.order_id, CONCAT(o.firstname, ' ', o.lastname) AS customer, (SELECT os.name FROM " . DB_PREFIX . "order_status os WHERE os.order_status_id = o.order_status_id AND os.language_id = '" . (int)$this->config->get('config_language_id') . "') AS status, o.total, o.currency_code, o.currency_value, o.date_added, o.date_modified FROM `" . DB_PREFIX . "order` o";

----------------------------------------------------------------------


---------- Date: 2016-12-02 01:22:09 ~ IP : ::1 ----------
REQUEST URI : /saudeesabor/admin/index.php?route=sale/order/info&amp;token=12c795c6af4d5ac96999faff65fb36f1&amp;order_id=5557&amp;filter_order_status_id=25&amp;filter_delivery_time=
MOD DETAILS:
   modFile   : /Applications/MAMP/htdocs/saudeesabor/vqmod/xml/corped.xml
   id        : Cor do Pedido
   version   : 1.0.0
   vqmver    : 2.1.5
   author    : Jeann

File Name    : admin/model/sale/order.php(0)
VQModObject::applyMod - SEARCH NOT FOUND (ABORTING MOD): $sql = "SELECT o.order_id, CONCAT(o.firstname, ' ', o.lastname) AS customer, (SELECT os.name FROM " . DB_PREFIX . "order_status os WHERE os.order_status_id = o.order_status_id AND os.language_id = '" . (int)$this->config->get('config_language_id') . "') AS status, o.total, o.currency_code, o.currency_value, o.date_added, o.date_modified FROM `" . DB_PREFIX . "order` o";

----------------------------------------------------------------------


---------- Date: 2016-12-02 01:23:11 ~ IP : ::1 ----------
REQUEST URI : /saudeesabor/admin/index.php?route=sale/order/info&amp;token=12c795c6af4d5ac96999faff65fb36f1&amp;order_id=5557&amp;filter_order_status_id=25&amp;filter_delivery_time=
MOD DETAILS:
   modFile   : /Applications/MAMP/htdocs/saudeesabor/vqmod/xml/corped.xml
   id        : Cor do Pedido
   version   : 1.0.0
   vqmver    : 2.1.5
   author    : Jeann

File Name    : admin/model/sale/order.php(0)
VQModObject::applyMod - SEARCH NOT FOUND (ABORTING MOD): $sql = "SELECT o.order_id, CONCAT(o.firstname, ' ', o.lastname) AS customer, (SELECT os.name FROM " . DB_PREFIX . "order_status os WHERE os.order_status_id = o.order_status_id AND os.language_id = '" . (int)$this->config->get('config_language_id') . "') AS status, o.total, o.currency_code, o.currency_value, o.date_added, o.date_modified FROM `" . DB_PREFIX . "order` o";

----------------------------------------------------------------------


---------- Date: 2016-12-02 01:23:19 ~ IP : ::1 ----------
REQUEST URI : /saudeesabor/admin/index.php?route=sale/order/info&amp;token=12c795c6af4d5ac96999faff65fb36f1&amp;order_id=5557&amp;filter_order_status_id=25&amp;filter_delivery_time=
MOD DETAILS:
   modFile   : /Applications/MAMP/htdocs/saudeesabor/vqmod/xml/corped.xml
   id        : Cor do Pedido
   version   : 1.0.0
   vqmver    : 2.1.5
   author    : Jeann

File Name    : admin/model/sale/order.php(0)
VQModObject::applyMod - SEARCH NOT FOUND (ABORTING MOD): $sql = "SELECT o.order_id, CONCAT(o.firstname, ' ', o.lastname) AS customer, (SELECT os.name FROM " . DB_PREFIX . "order_status os WHERE os.order_status_id = o.order_status_id AND os.language_id = '" . (int)$this->config->get('config_language_id') . "') AS status, o.total, o.currency_code, o.currency_value, o.date_added, o.date_modified FROM `" . DB_PREFIX . "order` o";

----------------------------------------------------------------------


---------- Date: 2016-12-02 01:24:38 ~ IP : ::1 ----------
REQUEST URI : /saudeesabor/admin/index.php?route=sale/order/info&amp;token=12c795c6af4d5ac96999faff65fb36f1&amp;order_id=5557&amp;filter_order_status_id=25&amp;filter_delivery_time=
MOD DETAILS:
   modFile   : /Applications/MAMP/htdocs/saudeesabor/vqmod/xml/corped.xml
   id        : Cor do Pedido
   version   : 1.0.0
   vqmver    : 2.1.5
   author    : Jeann

File Name    : admin/model/sale/order.php(0)
VQModObject::applyMod - SEARCH NOT FOUND (ABORTING MOD): $sql = "SELECT o.order_id, CONCAT(o.firstname, ' ', o.lastname) AS customer, (SELECT os.name FROM " . DB_PREFIX . "order_status os WHERE os.order_status_id = o.order_status_id AND os.language_id = '" . (int)$this->config->get('config_language_id') . "') AS status, o.total, o.currency_code, o.currency_value, o.date_added, o.date_modified FROM `" . DB_PREFIX . "order` o";

----------------------------------------------------------------------


---------- Date: 2016-12-02 01:32:30 ~ IP : ::1 ----------
REQUEST URI : /saudeesabor/admin/index.php?route=sale/order/info&amp;token=12c795c6af4d5ac96999faff65fb36f1&amp;order_id=5557&amp;filter_order_status_id=25&amp;filter_delivery_time=
MOD DETAILS:
   modFile   : /Applications/MAMP/htdocs/saudeesabor/vqmod/xml/corped.xml
   id        : Cor do Pedido
   version   : 1.0.0
   vqmver    : 2.1.5
   author    : Jeann

File Name    : admin/model/sale/order.php(0)
VQModObject::applyMod - SEARCH NOT FOUND (ABORTING MOD): $sql = "SELECT o.order_id, CONCAT(o.firstname, ' ', o.lastname) AS customer, (SELECT os.name FROM " . DB_PREFIX . "order_status os WHERE os.order_status_id = o.order_status_id AND os.language_id = '" . (int)$this->config->get('config_language_id') . "') AS status, o.total, o.currency_code, o.currency_value, o.date_added, o.date_modified FROM `" . DB_PREFIX . "order` o";

----------------------------------------------------------------------


---------- Date: 2016-12-02 01:38:59 ~ IP : ::1 ----------
REQUEST URI : /saudeesabor/admin/index.php?route=sale/order/info&amp;token=12c795c6af4d5ac96999faff65fb36f1&amp;order_id=5557&amp;filter_order_status_id=25&amp;filter_delivery_time=
MOD DETAILS:
   modFile   : /Applications/MAMP/htdocs/saudeesabor/vqmod/xml/corped.xml
   id        : Cor do Pedido
   version   : 1.0.0
   vqmver    : 2.1.5
   author    : Jeann

File Name    : admin/model/sale/order.php(0)
VQModObject::applyMod - SEARCH NOT FOUND (ABORTING MOD): $sql = "SELECT o.order_id, CONCAT(o.firstname, ' ', o.lastname) AS customer, (SELECT os.name FROM " . DB_PREFIX . "order_status os WHERE os.order_status_id = o.order_status_id AND os.language_id = '" . (int)$this->config->get('config_language_id') . "') AS status, o.total, o.currency_code, o.currency_value, o.date_added, o.date_modified FROM `" . DB_PREFIX . "order` o";

----------------------------------------------------------------------


---------- Date: 2016-12-02 01:41:33 ~ IP : ::1 ----------
REQUEST URI : /saudeesabor/admin/index.php?route=sale/order/info&amp;token=12c795c6af4d5ac96999faff65fb36f1&amp;order_id=5557&amp;filter_order_status_id=25&amp;filter_delivery_time=
MOD DETAILS:
   modFile   : /Applications/MAMP/htdocs/saudeesabor/vqmod/xml/corped.xml
   id        : Cor do Pedido
   version   : 1.0.0
   vqmver    : 2.1.5
   author    : Jeann

File Name    : admin/model/sale/order.php(0)
VQModObject::applyMod - SEARCH NOT FOUND (ABORTING MOD): $sql = "SELECT o.order_id, CONCAT(o.firstname, ' ', o.lastname) AS customer, (SELECT os.name FROM " . DB_PREFIX . "order_status os WHERE os.order_status_id = o.order_status_id AND os.language_id = '" . (int)$this->config->get('config_language_id') . "') AS status, o.total, o.currency_code, o.currency_value, o.date_added, o.date_modified FROM `" . DB_PREFIX . "order` o";

----------------------------------------------------------------------


---------- Date: 2016-12-02 01:43:06 ~ IP : ::1 ----------
REQUEST URI : /saudeesabor/admin/index.php?route=sale/order/info&amp;token=12c795c6af4d5ac96999faff65fb36f1&amp;order_id=5557&amp;filter_order_status_id=25&amp;filter_delivery_time=
MOD DETAILS:
   modFile   : /Applications/MAMP/htdocs/saudeesabor/vqmod/xml/corped.xml
   id        : Cor do Pedido
   version   : 1.0.0
   vqmver    : 2.1.5
   author    : Jeann

File Name    : admin/model/sale/order.php(0)
VQModObject::applyMod - SEARCH NOT FOUND (ABORTING MOD): $sql = "SELECT o.order_id, CONCAT(o.firstname, ' ', o.lastname) AS customer, (SELECT os.name FROM " . DB_PREFIX . "order_status os WHERE os.order_status_id = o.order_status_id AND os.language_id = '" . (int)$this->config->get('config_language_id') . "') AS status, o.total, o.currency_code, o.currency_value, o.date_added, o.date_modified FROM `" . DB_PREFIX . "order` o";

----------------------------------------------------------------------


---------- Date: 2016-12-02 01:46:16 ~ IP : ::1 ----------
REQUEST URI : /saudeesabor/admin/index.php?route=sale/order/info&amp;token=12c795c6af4d5ac96999faff65fb36f1&amp;order_id=5557&amp;filter_order_status_id=25&amp;filter_delivery_time=
MOD DETAILS:
   modFile   : /Applications/MAMP/htdocs/saudeesabor/vqmod/xml/corped.xml
   id        : Cor do Pedido
   version   : 1.0.0
   vqmver    : 2.1.5
   author    : Jeann

File Name    : admin/model/sale/order.php(0)
VQModObject::applyMod - SEARCH NOT FOUND (ABORTING MOD): $sql = "SELECT o.order_id, CONCAT(o.firstname, ' ', o.lastname) AS customer, (SELECT os.name FROM " . DB_PREFIX . "order_status os WHERE os.order_status_id = o.order_status_id AND os.language_id = '" . (int)$this->config->get('config_language_id') . "') AS status, o.total, o.currency_code, o.currency_value, o.date_added, o.date_modified FROM `" . DB_PREFIX . "order` o";

----------------------------------------------------------------------


---------- Date: 2016-12-02 01:47:21 ~ IP : ::1 ----------
REQUEST URI : /saudeesabor/admin/index.php?route=sale/order/info&amp;token=12c795c6af4d5ac96999faff65fb36f1&amp;order_id=5557&amp;filter_order_status_id=25&amp;filter_delivery_time=
MOD DETAILS:
   modFile   : /Applications/MAMP/htdocs/saudeesabor/vqmod/xml/corped.xml
   id        : Cor do Pedido
   version   : 1.0.0
   vqmver    : 2.1.5
   author    : Jeann

File Name    : admin/model/sale/order.php(0)
VQModObject::applyMod - SEARCH NOT FOUND (ABORTING MOD): $sql = "SELECT o.order_id, CONCAT(o.firstname, ' ', o.lastname) AS customer, (SELECT os.name FROM " . DB_PREFIX . "order_status os WHERE os.order_status_id = o.order_status_id AND os.language_id = '" . (int)$this->config->get('config_language_id') . "') AS status, o.total, o.currency_code, o.currency_value, o.date_added, o.date_modified FROM `" . DB_PREFIX . "order` o";

----------------------------------------------------------------------


---------- Date: 2016-12-02 01:48:33 ~ IP : ::1 ----------
REQUEST URI : /saudeesabor/admin/index.php?route=sale/order/info&amp;token=12c795c6af4d5ac96999faff65fb36f1&amp;order_id=5557&amp;filter_order_status_id=25&amp;filter_delivery_time=
MOD DETAILS:
   modFile   : /Applications/MAMP/htdocs/saudeesabor/vqmod/xml/corped.xml
   id        : Cor do Pedido
   version   : 1.0.0
   vqmver    : 2.1.5
   author    : Jeann

File Name    : admin/model/sale/order.php(0)
VQModObject::applyMod - SEARCH NOT FOUND (ABORTING MOD): $sql = "SELECT o.order_id, CONCAT(o.firstname, ' ', o.lastname) AS customer, (SELECT os.name FROM " . DB_PREFIX . "order_status os WHERE os.order_status_id = o.order_status_id AND os.language_id = '" . (int)$this->config->get('config_language_id') . "') AS status, o.total, o.currency_code, o.currency_value, o.date_added, o.date_modified FROM `" . DB_PREFIX . "order` o";

----------------------------------------------------------------------


---------- Date: 2016-12-02 01:49:41 ~ IP : ::1 ----------
REQUEST URI : /saudeesabor/admin/index.php?route=sale/order/info&amp;token=12c795c6af4d5ac96999faff65fb36f1&amp;order_id=5557&amp;filter_order_status_id=25&amp;filter_delivery_time=
MOD DETAILS:
   modFile   : /Applications/MAMP/htdocs/saudeesabor/vqmod/xml/corped.xml
   id        : Cor do Pedido
   version   : 1.0.0
   vqmver    : 2.1.5
   author    : Jeann

File Name    : admin/model/sale/order.php(0)
VQModObject::applyMod - SEARCH NOT FOUND (ABORTING MOD): $sql = "SELECT o.order_id, CONCAT(o.firstname, ' ', o.lastname) AS customer, (SELECT os.name FROM " . DB_PREFIX . "order_status os WHERE os.order_status_id = o.order_status_id AND os.language_id = '" . (int)$this->config->get('config_language_id') . "') AS status, o.total, o.currency_code, o.currency_value, o.date_added, o.date_modified FROM `" . DB_PREFIX . "order` o";

----------------------------------------------------------------------


---------- Date: 2016-12-02 01:50:12 ~ IP : ::1 ----------
REQUEST URI : /saudeesabor/admin/index.php?route=sale/order/info&amp;token=12c795c6af4d5ac96999faff65fb36f1&amp;order_id=5557&amp;filter_order_status_id=25&amp;filter_delivery_time=
MOD DETAILS:
   modFile   : /Applications/MAMP/htdocs/saudeesabor/vqmod/xml/corped.xml
   id        : Cor do Pedido
   version   : 1.0.0
   vqmver    : 2.1.5
   author    : Jeann

File Name    : admin/model/sale/order.php(0)
VQModObject::applyMod - SEARCH NOT FOUND (ABORTING MOD): $sql = "SELECT o.order_id, CONCAT(o.firstname, ' ', o.lastname) AS customer, (SELECT os.name FROM " . DB_PREFIX . "order_status os WHERE os.order_status_id = o.order_status_id AND os.language_id = '" . (int)$this->config->get('config_language_id') . "') AS status, o.total, o.currency_code, o.currency_value, o.date_added, o.date_modified FROM `" . DB_PREFIX . "order` o";

----------------------------------------------------------------------


---------- Date: 2016-12-02 01:50:27 ~ IP : ::1 ----------
REQUEST URI : /saudeesabor/admin/index.php?route=sale/order/info&amp;token=12c795c6af4d5ac96999faff65fb36f1&amp;order_id=5557&amp;filter_order_status_id=25&amp;filter_delivery_time=
MOD DETAILS:
   modFile   : /Applications/MAMP/htdocs/saudeesabor/vqmod/xml/corped.xml
   id        : Cor do Pedido
   version   : 1.0.0
   vqmver    : 2.1.5
   author    : Jeann

File Name    : admin/model/sale/order.php(0)
VQModObject::applyMod - SEARCH NOT FOUND (ABORTING MOD): $sql = "SELECT o.order_id, CONCAT(o.firstname, ' ', o.lastname) AS customer, (SELECT os.name FROM " . DB_PREFIX . "order_status os WHERE os.order_status_id = o.order_status_id AND os.language_id = '" . (int)$this->config->get('config_language_id') . "') AS status, o.total, o.currency_code, o.currency_value, o.date_added, o.date_modified FROM `" . DB_PREFIX . "order` o";

----------------------------------------------------------------------


---------- Date: 2016-12-02 01:51:23 ~ IP : ::1 ----------
REQUEST URI : /saudeesabor/admin/index.php?route=sale/order/info&amp;token=12c795c6af4d5ac96999faff65fb36f1&amp;order_id=5557&amp;filter_order_status_id=25&amp;filter_delivery_time=
MOD DETAILS:
   modFile   : /Applications/MAMP/htdocs/saudeesabor/vqmod/xml/corped.xml
   id        : Cor do Pedido
   version   : 1.0.0
   vqmver    : 2.1.5
   author    : Jeann

File Name    : admin/model/sale/order.php(0)
VQModObject::applyMod - SEARCH NOT FOUND (ABORTING MOD): $sql = "SELECT o.order_id, CONCAT(o.firstname, ' ', o.lastname) AS customer, (SELECT os.name FROM " . DB_PREFIX . "order_status os WHERE os.order_status_id = o.order_status_id AND os.language_id = '" . (int)$this->config->get('config_language_id') . "') AS status, o.total, o.currency_code, o.currency_value, o.date_added, o.date_modified FROM `" . DB_PREFIX . "order` o";

----------------------------------------------------------------------


---------- Date: 2016-12-02 01:51:40 ~ IP : ::1 ----------
REQUEST URI : /saudeesabor/admin/index.php?route=sale/order/info&amp;token=12c795c6af4d5ac96999faff65fb36f1&amp;order_id=5557&amp;filter_order_status_id=25&amp;filter_delivery_time=
MOD DETAILS:
   modFile   : /Applications/MAMP/htdocs/saudeesabor/vqmod/xml/corped.xml
   id        : Cor do Pedido
   version   : 1.0.0
   vqmver    : 2.1.5
   author    : Jeann

File Name    : admin/model/sale/order.php(0)
VQModObject::applyMod - SEARCH NOT FOUND (ABORTING MOD): $sql = "SELECT o.order_id, CONCAT(o.firstname, ' ', o.lastname) AS customer, (SELECT os.name FROM " . DB_PREFIX . "order_status os WHERE os.order_status_id = o.order_status_id AND os.language_id = '" . (int)$this->config->get('config_language_id') . "') AS status, o.total, o.currency_code, o.currency_value, o.date_added, o.date_modified FROM `" . DB_PREFIX . "order` o";

----------------------------------------------------------------------


---------- Date: 2016-12-02 01:51:51 ~ IP : ::1 ----------
REQUEST URI : /saudeesabor/admin/index.php?route=sale/order/info&amp;token=12c795c6af4d5ac96999faff65fb36f1&amp;order_id=5557&amp;filter_order_status_id=25&amp;filter_delivery_time=
MOD DETAILS:
   modFile   : /Applications/MAMP/htdocs/saudeesabor/vqmod/xml/corped.xml
   id        : Cor do Pedido
   version   : 1.0.0
   vqmver    : 2.1.5
   author    : Jeann

File Name    : admin/model/sale/order.php(0)
VQModObject::applyMod - SEARCH NOT FOUND (ABORTING MOD): $sql = "SELECT o.order_id, CONCAT(o.firstname, ' ', o.lastname) AS customer, (SELECT os.name FROM " . DB_PREFIX . "order_status os WHERE os.order_status_id = o.order_status_id AND os.language_id = '" . (int)$this->config->get('config_language_id') . "') AS status, o.total, o.currency_code, o.currency_value, o.date_added, o.date_modified FROM `" . DB_PREFIX . "order` o";

----------------------------------------------------------------------


---------- Date: 2016-12-02 01:52:25 ~ IP : ::1 ----------
REQUEST URI : /saudeesabor/admin/index.php?route=sale/order/info&amp;token=12c795c6af4d5ac96999faff65fb36f1&amp;order_id=5557&amp;filter_order_status_id=25&amp;filter_delivery_time=
MOD DETAILS:
   modFile   : /Applications/MAMP/htdocs/saudeesabor/vqmod/xml/corped.xml
   id        : Cor do Pedido
   version   : 1.0.0
   vqmver    : 2.1.5
   author    : Jeann

File Name    : admin/model/sale/order.php(0)
VQModObject::applyMod - SEARCH NOT FOUND (ABORTING MOD): $sql = "SELECT o.order_id, CONCAT(o.firstname, ' ', o.lastname) AS customer, (SELECT os.name FROM " . DB_PREFIX . "order_status os WHERE os.order_status_id = o.order_status_id AND os.language_id = '" . (int)$this->config->get('config_language_id') . "') AS status, o.total, o.currency_code, o.currency_value, o.date_added, o.date_modified FROM `" . DB_PREFIX . "order` o";

----------------------------------------------------------------------


---------- Date: 2016-12-02 02:06:42 ~ IP : ::1 ----------
REQUEST URI : /saudeesabor/admin/index.php?route=sale/order/info&amp;token=12c795c6af4d5ac96999faff65fb36f1&amp;order_id=5557&amp;filter_order_status_id=25&amp;filter_delivery_time=
MOD DETAILS:
   modFile   : /Applications/MAMP/htdocs/saudeesabor/vqmod/xml/corped.xml
   id        : Cor do Pedido
   version   : 1.0.0
   vqmver    : 2.1.5
   author    : Jeann

File Name    : admin/model/sale/order.php(0)
VQModObject::applyMod - SEARCH NOT FOUND (ABORTING MOD): $sql = "SELECT o.order_id, CONCAT(o.firstname, ' ', o.lastname) AS customer, (SELECT os.name FROM " . DB_PREFIX . "order_status os WHERE os.order_status_id = o.order_status_id AND os.language_id = '" . (int)$this->config->get('config_language_id') . "') AS status, o.total, o.currency_code, o.currency_value, o.date_added, o.date_modified FROM `" . DB_PREFIX . "order` o";

----------------------------------------------------------------------


---------- Date: 2016-12-02 02:12:41 ~ IP : ::1 ----------
REQUEST URI : /saudeesabor/admin/index.php?route=sale/order/info&amp;token=12c795c6af4d5ac96999faff65fb36f1&amp;order_id=5557
MOD DETAILS:
   modFile   : /Applications/MAMP/htdocs/saudeesabor/vqmod/xml/corped.xml
   id        : Cor do Pedido
   version   : 1.0.0
   vqmver    : 2.1.5
   author    : Jeann

File Name    : admin/model/sale/order.php(0)
VQModObject::applyMod - SEARCH NOT FOUND (ABORTING MOD): $sql = "SELECT o.order_id, CONCAT(o.firstname, ' ', o.lastname) AS customer, (SELECT os.name FROM " . DB_PREFIX . "order_status os WHERE os.order_status_id = o.order_status_id AND os.language_id = '" . (int)$this->config->get('config_language_id') . "') AS status, o.total, o.currency_code, o.currency_value, o.date_added, o.date_modified FROM `" . DB_PREFIX . "order` o";

----------------------------------------------------------------------


---------- Date: 2016-12-02 02:17:46 ~ IP : ::1 ----------
REQUEST URI : /saudeesabor/admin/index.php?route=sale/order/info&amp;token=12c795c6af4d5ac96999faff65fb36f1&amp;order_id=5557
MOD DETAILS:
   modFile   : /Applications/MAMP/htdocs/saudeesabor/vqmod/xml/corped.xml
   id        : Cor do Pedido
   version   : 1.0.0
   vqmver    : 2.1.5
   author    : Jeann

File Name    : admin/model/sale/order.php(0)
VQModObject::applyMod - SEARCH NOT FOUND (ABORTING MOD): $sql = "SELECT o.order_id, CONCAT(o.firstname, ' ', o.lastname) AS customer, (SELECT os.name FROM " . DB_PREFIX . "order_status os WHERE os.order_status_id = o.order_status_id AND os.language_id = '" . (int)$this->config->get('config_language_id') . "') AS status, o.total, o.currency_code, o.currency_value, o.date_added, o.date_modified FROM `" . DB_PREFIX . "order` o";

----------------------------------------------------------------------


---------- Date: 2016-12-02 02:18:05 ~ IP : ::1 ----------
REQUEST URI : /saudeesabor/admin/index.php?route=sale/order/info&amp;token=12c795c6af4d5ac96999faff65fb36f1&amp;order_id=5557
MOD DETAILS:
   modFile   : /Applications/MAMP/htdocs/saudeesabor/vqmod/xml/corped.xml
   id        : Cor do Pedido
   version   : 1.0.0
   vqmver    : 2.1.5
   author    : Jeann

File Name    : admin/model/sale/order.php(0)
VQModObject::applyMod - SEARCH NOT FOUND (ABORTING MOD): $sql = "SELECT o.order_id, CONCAT(o.firstname, ' ', o.lastname) AS customer, (SELECT os.name FROM " . DB_PREFIX . "order_status os WHERE os.order_status_id = o.order_status_id AND os.language_id = '" . (int)$this->config->get('config_language_id') . "') AS status, o.total, o.currency_code, o.currency_value, o.date_added, o.date_modified FROM `" . DB_PREFIX . "order` o";

----------------------------------------------------------------------


---------- Date: 2016-12-02 02:18:21 ~ IP : ::1 ----------
REQUEST URI : /saudeesabor/admin/index.php?route=sale/order/info&amp;token=12c795c6af4d5ac96999faff65fb36f1&amp;order_id=5557
MOD DETAILS:
   modFile   : /Applications/MAMP/htdocs/saudeesabor/vqmod/xml/corped.xml
   id        : Cor do Pedido
   version   : 1.0.0
   vqmver    : 2.1.5
   author    : Jeann

File Name    : admin/model/sale/order.php(0)
VQModObject::applyMod - SEARCH NOT FOUND (ABORTING MOD): $sql = "SELECT o.order_id, CONCAT(o.firstname, ' ', o.lastname) AS customer, (SELECT os.name FROM " . DB_PREFIX . "order_status os WHERE os.order_status_id = o.order_status_id AND os.language_id = '" . (int)$this->config->get('config_language_id') . "') AS status, o.total, o.currency_code, o.currency_value, o.date_added, o.date_modified FROM `" . DB_PREFIX . "order` o";

----------------------------------------------------------------------


---------- Date: 2016-12-02 02:18:57 ~ IP : ::1 ----------
REQUEST URI : /saudeesabor/admin/index.php?route=sale/order/info&amp;token=12c795c6af4d5ac96999faff65fb36f1&amp;order_id=5557
MOD DETAILS:
   modFile   : /Applications/MAMP/htdocs/saudeesabor/vqmod/xml/corped.xml
   id        : Cor do Pedido
   version   : 1.0.0
   vqmver    : 2.1.5
   author    : Jeann

File Name    : admin/model/sale/order.php(0)
VQModObject::applyMod - SEARCH NOT FOUND (ABORTING MOD): $sql = "SELECT o.order_id, CONCAT(o.firstname, ' ', o.lastname) AS customer, (SELECT os.name FROM " . DB_PREFIX . "order_status os WHERE os.order_status_id = o.order_status_id AND os.language_id = '" . (int)$this->config->get('config_language_id') . "') AS status, o.total, o.currency_code, o.currency_value, o.date_added, o.date_modified FROM `" . DB_PREFIX . "order` o";

----------------------------------------------------------------------


---------- Date: 2016-12-02 05:50:17 ~ IP : ::1 ----------
REQUEST URI : /saudeesabor/admin/index.php?route=sale/order&amp;token=12c795c6af4d5ac96999faff65fb36f1
MOD DETAILS:
   modFile   : /Applications/MAMP/htdocs/saudeesabor/vqmod/xml/corped.xml
   id        : Cor do Pedido
   version   : 1.0.0
   vqmver    : 2.1.5
   author    : Jeann

File Name    : admin/model/sale/order.php(0)
VQModObject::applyMod - SEARCH NOT FOUND (ABORTING MOD): $sql = "SELECT o.order_id, CONCAT(o.firstname, ' ', o.lastname) AS customer, (SELECT os.name FROM " . DB_PREFIX . "order_status os WHERE os.order_status_id = o.order_status_id AND os.language_id = '" . (int)$this->config->get('config_language_id') . "') AS status, o.total, o.currency_code, o.currency_value, o.date_added, o.date_modified FROM `" . DB_PREFIX . "order` o";

----------------------------------------------------------------------


---------- Date: 2016-12-02 05:51:20 ~ IP : ::1 ----------
REQUEST URI : /saudeesabor/admin/index.php?route=sale/order/info&amp;token=12c795c6af4d5ac96999faff65fb36f1&amp;order_id=5557
MOD DETAILS:
   modFile   : /Applications/MAMP/htdocs/saudeesabor/vqmod/xml/corped.xml
   id        : Cor do Pedido
   version   : 1.0.0
   vqmver    : 2.1.5
   author    : Jeann

File Name    : admin/model/sale/order.php(0)
VQModObject::applyMod - SEARCH NOT FOUND (ABORTING MOD): $sql = "SELECT o.order_id, CONCAT(o.firstname, ' ', o.lastname) AS customer, (SELECT os.name FROM " . DB_PREFIX . "order_status os WHERE os.order_status_id = o.order_status_id AND os.language_id = '" . (int)$this->config->get('config_language_id') . "') AS status, o.total, o.currency_code, o.currency_value, o.date_added, o.date_modified FROM `" . DB_PREFIX . "order` o";

----------------------------------------------------------------------


---------- Date: 2016-12-02 06:15:59 ~ IP : ::1 ----------
REQUEST URI : /saudeesabor/admin/index.php?route=sale/order&amp;token=12c795c6af4d5ac96999faff65fb36f1&amp;filter_order_status_id=25&amp;filter_delivery_time=
MOD DETAILS:
   modFile   : /Applications/MAMP/htdocs/saudeesabor/vqmod/xml/corped.xml
   id        : Cor do Pedido
   version   : 1.0.0
   vqmver    : 2.1.5
   author    : Jeann

File Name    : admin/model/sale/order.php(0)
VQModObject::applyMod - SEARCH NOT FOUND (ABORTING MOD): $sql = "SELECT o.order_id, CONCAT(o.firstname, ' ', o.lastname) AS customer, (SELECT os.name FROM " . DB_PREFIX . "order_status os WHERE os.order_status_id = o.order_status_id AND os.language_id = '" . (int)$this->config->get('config_language_id') . "') AS status, o.total, o.currency_code, o.currency_value, o.date_added, o.date_modified FROM `" . DB_PREFIX . "order` o";

----------------------------------------------------------------------


---------- Date: 2016-12-02 06:24:12 ~ IP : ::1 ----------
REQUEST URI : /saudeesabor/admin/index.php?route=sale/order&amp;token=12c795c6af4d5ac96999faff65fb36f1&amp;filter_order_status_id=25&amp;filter_delivery_time=
MOD DETAILS:
   modFile   : /Applications/MAMP/htdocs/saudeesabor/vqmod/xml/corped.xml
   id        : Cor do Pedido
   version   : 1.0.0
   vqmver    : 2.1.5
   author    : Jeann

File Name    : admin/view/template/sale/order_list.tpl(0)
VQModObject::applyMod - SEARCH NOT FOUND (ABORTING MOD): <?php foreach ($orders as $order) { ?>

----------------------------------------------------------------------


---------- Date: 2016-12-02 06:24:54 ~ IP : ::1 ----------
REQUEST URI : /saudeesabor/admin/index.php?route=sale/order&amp;token=12c795c6af4d5ac96999faff65fb36f1&amp;filter_order_status_id=25&amp;filter_delivery_time=
MOD DETAILS:
   modFile   : /Applications/MAMP/htdocs/saudeesabor/vqmod/xml/corped.xml
   id        : Cor do Pedido
   version   : 1.0.0
   vqmver    : 2.1.5
   author    : Jeann

File Name    : admin/view/template/sale/order_list.tpl(0)
VQModObject::applyMod - SEARCH NOT FOUND (ABORTING MOD): <?php foreach ($orders as $order) { ?>

----------------------------------------------------------------------


---------- Date: 2016-12-02 06:28:09 ~ IP : ::1 ----------
REQUEST URI : /saudeesabor/admin/index.php?route=sale/order&amp;token=12c795c6af4d5ac96999faff65fb36f1&amp;filter_order_status_id=25&amp;filter_delivery_time=
MOD DETAILS:
   modFile   : /Applications/MAMP/htdocs/saudeesabor/vqmod/xml/corped.xml
   id        : Cor do Pedido
   version   : 1.0.0
   vqmver    : 2.1.5
   author    : Jeann

File Name    : admin/model/sale/order.php(0)
VQModObject::applyMod - SEARCH NOT FOUND (ABORTING MOD): $sql = "SELECT o.order_id, CONCAT(o.firstname, ' ', o.lastname) AS customer, (SELECT os.name FROM " . DB_PREFIX . "order_status os WHERE os.order_status_id = o.order_status_id AND os.language_id = '" . (int)$this->config->get('config_language_id') . "') AS status, o.total, o.currency_code, o.currency_value, o.date_added, o.date_modified FROM `" . DB_PREFIX . "order` o";

----------------------------------------------------------------------


---------- Date: 2016-12-02 06:29:39 ~ IP : ::1 ----------
REQUEST URI : /saudeesabor/admin/index.php?route=sale/order/info&amp;token=12c795c6af4d5ac96999faff65fb36f1&amp;order_id=5555&amp;filter_order_status_id=25&amp;filter_delivery_time=
MOD DETAILS:
   modFile   : /Applications/MAMP/htdocs/saudeesabor/vqmod/xml/corped.xml
   id        : Cor do Pedido
   version   : 1.0.0
   vqmver    : 2.1.5
   author    : Jeann

File Name    : admin/model/sale/order.php(0)
VQModObject::applyMod - SEARCH NOT FOUND (ABORTING MOD): $sql = "SELECT o.order_id, CONCAT(o.firstname, ' ', o.lastname) AS customer, (SELECT os.name FROM " . DB_PREFIX . "order_status os WHERE os.order_status_id = o.order_status_id AND os.language_id = '" . (int)$this->config->get('config_language_id') . "') AS status, o.total, o.currency_code, o.currency_value, o.date_added, o.date_modified FROM `" . DB_PREFIX . "order` o";

----------------------------------------------------------------------


---------- Date: 2016-12-02 06:30:49 ~ IP : ::1 ----------
REQUEST URI : /saudeesabor/admin/index.php?route=sale/order/info&amp;token=12c795c6af4d5ac96999faff65fb36f1&amp;order_id=5557
MOD DETAILS:
   modFile   : /Applications/MAMP/htdocs/saudeesabor/vqmod/xml/corped.xml
   id        : Cor do Pedido
   version   : 1.0.0
   vqmver    : 2.1.5
   author    : Jeann

File Name    : admin/model/sale/order.php(0)
VQModObject::applyMod - SEARCH NOT FOUND (ABORTING MOD): $sql = "SELECT o.order_id, CONCAT(o.firstname, ' ', o.lastname) AS customer, (SELECT os.name FROM " . DB_PREFIX . "order_status os WHERE os.order_status_id = o.order_status_id AND os.language_id = '" . (int)$this->config->get('config_language_id') . "') AS status, o.total, o.currency_code, o.currency_value, o.date_added, o.date_modified FROM `" . DB_PREFIX . "order` o";

----------------------------------------------------------------------


---------- Date: 2016-12-02 06:32:59 ~ IP : ::1 ----------
REQUEST URI : /saudeesabor/admin/index.php?route=sale/order/info&amp;token=12c795c6af4d5ac96999faff65fb36f1&amp;order_id=5557
MOD DETAILS:
   modFile   : /Applications/MAMP/htdocs/saudeesabor/vqmod/xml/corped.xml
   id        : Cor do Pedido
   version   : 1.0.0
   vqmver    : 2.1.5
   author    : Jeann

File Name    : admin/model/sale/order.php(0)
VQModObject::applyMod - SEARCH NOT FOUND (ABORTING MOD): $sql = "SELECT o.order_id, CONCAT(o.firstname, ' ', o.lastname) AS customer, (SELECT os.name FROM " . DB_PREFIX . "order_status os WHERE os.order_status_id = o.order_status_id AND os.language_id = '" . (int)$this->config->get('config_language_id') . "') AS status, o.total, o.currency_code, o.currency_value, o.date_added, o.date_modified FROM `" . DB_PREFIX . "order` o";

----------------------------------------------------------------------


---------- Date: 2016-12-02 06:45:47 ~ IP : ::1 ----------
REQUEST URI : /saudeesabor/admin/index.php?route=sale/order&amp;token=12c795c6af4d5ac96999faff65fb36f1&amp;filter_order_status_id=25&amp;filter_delivery_time=
MOD DETAILS:
   modFile   : /Applications/MAMP/htdocs/saudeesabor/vqmod/xml/corped.xml
   id        : Cor do Pedido
   version   : 1.0.0
   vqmver    : 2.1.5
   author    : Jeann

File Name    : admin/model/sale/order.php(0)
VQModObject::applyMod - SEARCH NOT FOUND (ABORTING MOD): $sql = "SELECT o.order_id, CONCAT(o.firstname, ' ', o.lastname) AS customer, (SELECT os.name FROM " . DB_PREFIX . "order_status os WHERE os.order_status_id = o.order_status_id AND os.language_id = '" . (int)$this->config->get('config_language_id') . "') AS status, o.total, o.currency_code, o.currency_value, o.date_added, o.date_modified FROM `" . DB_PREFIX . "order` o";

----------------------------------------------------------------------


---------- Date: 2016-12-02 06:47:49 ~ IP : ::1 ----------
REQUEST URI : /saudeesabor/admin/index.php?route=sale/order&amp;token=12c795c6af4d5ac96999faff65fb36f1&amp;filter_order_status_id=25&amp;filter_delivery_time=
MOD DETAILS:
   modFile   : /Applications/MAMP/htdocs/saudeesabor/vqmod/xml/corped.xml
   id        : Cor do Pedido
   version   : 1.0.0
   vqmver    : 2.1.5
   author    : Jeann

File Name    : admin/view/template/sale/order_list.tpl(0)
VQModObject::applyMod - SEARCH NOT FOUND (ABORTING MOD): <?php foreach ($orders as $order) { ?>

----------------------------------------------------------------------


---------- Date: 2016-12-02 06:53:37 ~ IP : ::1 ----------
REQUEST URI : /saudeesabor/admin/index.php?route=sale/order&amp;token=12c795c6af4d5ac96999faff65fb36f1&amp;filter_order_status_id=25&amp;filter_delivery_time=
MOD DETAILS:
   modFile   : /Applications/MAMP/htdocs/saudeesabor/vqmod/xml/corped.xml
   id        : Cor do Pedido
   version   : 1.0.0
   vqmver    : 2.1.5
   author    : Jeann

File Name    : admin/view/template/sale/order_list.tpl(0)
VQModObject::applyMod - SEARCH NOT FOUND (ABORTING MOD): <?php foreach ($orders as $order) { ?>

----------------------------------------------------------------------


---------- Date: 2016-12-02 06:58:20 ~ IP : ::1 ----------
REQUEST URI : /saudeesabor/admin/index.php?route=sale/order&amp;token=318424bc5b769ab689a2c60b83b29b6f&amp;filter_order_status_id=25&amp;filter_delivery_time=
MOD DETAILS:
   modFile   : /Applications/MAMP/htdocs/saudeesabor/vqmod/xml/corped.xml
   id        : Cor do Pedido
   version   : 1.0.0
   vqmver    : 2.1.5
   author    : Jeann

File Name    : admin/view/template/sale/order_list.tpl(0)
VQModObject::applyMod - SEARCH NOT FOUND (ABORTING MOD): <?php foreach ($orders as $order) { ?>

----------------------------------------------------------------------


---------- Date: 2016-12-02 06:59:00 ~ IP : ::1 ----------
REQUEST URI : /saudeesabor/admin/index.php?route=sale/order&amp;token=318424bc5b769ab689a2c60b83b29b6f&amp;filter_order_status_id=25&amp;filter_delivery_time=
MOD DETAILS:
   modFile   : /Applications/MAMP/htdocs/saudeesabor/vqmod/xml/corped.xml
   id        : Cor do Pedido
   version   : 1.0.0
   vqmver    : 2.1.5
   author    : Jeann

File Name    : admin/view/template/sale/order_list.tpl(0)
VQModObject::applyMod - SEARCH NOT FOUND (ABORTING MOD): <?php foreach ($orders as $order) { ?>

----------------------------------------------------------------------


---------- Date: 2016-12-02 07:13:24 ~ IP : ::1 ----------
REQUEST URI : /saudeesabor/admin/index.php?route=sale/order&amp;token=318424bc5b769ab689a2c60b83b29b6f
MOD DETAILS:
   modFile   : /Applications/MAMP/htdocs/saudeesabor/vqmod/xml/corped.xml
   id        : Cor do Pedido
   version   : 1.0.0
   vqmver    : 2.1.5
   author    : Jeann

File Name    : admin/model/sale/order.php(0)
VQModObject::applyMod - SEARCH NOT FOUND (ABORTING MOD): $sql = "SELECT o.order_id, CONCAT(o.firstname, ' ', o.lastname) AS customer, (SELECT os.name FROM " . DB_PREFIX . "order_status os WHERE os.order_status_id = o.order_status_id AND os.language_id = '" . (int)$this->config->get('config_language_id') . "') AS status, o.total, o.currency_code, o.currency_value, o.date_added, o.date_modified FROM `" . DB_PREFIX . "order` o";

----------------------------------------------------------------------


---------- Date: 2016-12-02 07:31:17 ~ IP : ::1 ----------
REQUEST URI : /saudeesabor/admin/index.php?route=sale/order&amp;token=318424bc5b769ab689a2c60b83b29b6f
MOD DETAILS:
   modFile   : /Applications/MAMP/htdocs/saudeesabor/vqmod/xml/corped.xml
   id        : Cor do Pedido
   version   : 1.0.0
   vqmver    : 2.1.5
   author    : Jeann

File Name    : admin/model/sale/order.php(0)
VQModObject::applyMod - SEARCH NOT FOUND (ABORTING MOD): $sql = "SELECT o.order_id, CONCAT(o.firstname, ' ', o.lastname) AS customer, (SELECT os.name FROM " . DB_PREFIX . "order_status os WHERE os.order_status_id = o.order_status_id AND os.language_id = '" . (int)$this->config->get('config_language_id') . "') AS status, o.total, o.currency_code, o.currency_value, o.date_added, o.date_modified FROM `" . DB_PREFIX . "order` o";

----------------------------------------------------------------------


---------- Date: 2016-12-02 07:44:42 ~ IP : ::1 ----------
REQUEST URI : /saudeesabor/admin/index.php?route=sale/order&amp;token=318424bc5b769ab689a2c60b83b29b6f
MOD DETAILS:
   modFile   : /Applications/MAMP/htdocs/saudeesabor/vqmod/xml/corped.xml
   id        : Cor do Pedido
   version   : 1.0.0
   vqmver    : 2.1.5
   author    : Jeann

File Name    : admin/model/sale/order.php(0)
VQModObject::applyMod - SEARCH NOT FOUND (ABORTING MOD): $sql = "SELECT o.order_id, CONCAT(o.firstname, ' ', o.lastname) AS customer, (SELECT os.name FROM " . DB_PREFIX . "order_status os WHERE os.order_status_id = o.order_status_id AND os.language_id = '" . (int)$this->config->get('config_language_id') . "') AS status, o.total, o.currency_code, o.currency_value, o.date_added, o.date_modified FROM `" . DB_PREFIX . "order` o";

----------------------------------------------------------------------


---------- Date: 2016-12-02 07:52:49 ~ IP : ::1 ----------
REQUEST URI : /saudeesabor/admin/index.php?route=sale/order&amp;token=318424bc5b769ab689a2c60b83b29b6f&amp;filter_order_status_id=25&amp;filter_delivery_time=
MOD DETAILS:
   modFile   : /Applications/MAMP/htdocs/saudeesabor/vqmod/xml/corped.xml
   id        : Cor do Pedido
   version   : 1.0.0
   vqmver    : 2.1.5
   author    : Jeann

File Name    : admin/model/sale/order.php(0)
VQModObject::applyMod - SEARCH NOT FOUND (ABORTING MOD): $sql = "SELECT o.order_id, CONCAT(o.firstname, ' ', o.lastname) AS customer, (SELECT os.name FROM " . DB_PREFIX . "order_status os WHERE os.order_status_id = o.order_status_id AND os.language_id = '" . (int)$this->config->get('config_language_id') . "') AS status, o.total, o.currency_code, o.currency_value, o.date_added, o.date_modified FROM `" . DB_PREFIX . "order` o";

----------------------------------------------------------------------


---------- Date: 2016-12-02 08:41:55 ~ IP : ::1 ----------
REQUEST URI : /saudeesabor/admin/index.php?route=sale/order&amp;token=a6309af01f7cafe67dbeae2482645e13
MOD DETAILS:
   modFile   : /Applications/MAMP/htdocs/saudeesabor/vqmod/xml/corped.xml
   id        : Cor do Pedido
   version   : 1.0.0
   vqmver    : 2.1.5
   author    : Jeann

File Name    : admin/view/template/sale/order_list.tpl(0)
VQModObject::applyMod - SEARCH NOT FOUND (ABORTING MOD): <?php foreach ($orders as $order) { ?>

----------------------------------------------------------------------


---------- Date: 2016-12-02 09:45:12 ~ IP : ::1 ----------
REQUEST URI : /saudeesabor/admin/index.php?route=sale/order&amp;token=968080d8ea44a0afe74e72ec6fc737bc&amp;filter_order_status_id=25&amp;filter_delivery_time=
MOD DETAILS:
   modFile   : /Applications/MAMP/htdocs/saudeesabor/vqmod/xml/corped.xml
   id        : Cor do Pedido
   version   : 1.0.0
   vqmver    : 2.1.5
   author    : Jeann

File Name    : admin/view/template/sale/order_list.tpl(0)
VQModObject::applyMod - SEARCH NOT FOUND (ABORTING MOD): <?php foreach ($orders as $order) { ?>

----------------------------------------------------------------------


---------- Date: 2016-12-02 09:45:58 ~ IP : ::1 ----------
REQUEST URI : /saudeesabor/admin/index.php?route=sale/order&amp;token=968080d8ea44a0afe74e72ec6fc737bc
MOD DETAILS:
   modFile   : /Applications/MAMP/htdocs/saudeesabor/vqmod/xml/corped.xml
   id        : Cor do Pedido
   version   : 1.0.0
   vqmver    : 2.1.5
   author    : Jeann

File Name    : admin/view/template/sale/order_list.tpl(0)
VQModObject::applyMod - SEARCH NOT FOUND (ABORTING MOD): <?php foreach ($orders as $order) { ?>

----------------------------------------------------------------------


---------- Date: 2016-12-02 22:39:04 ~ IP : ::1 ----------
REQUEST URI : /saudeesabor/admin/index.php?route=sale/order&amp;token=968080d8ea44a0afe74e72ec6fc737bc
MOD DETAILS:
   modFile   : /Applications/MAMP/htdocs/saudeesabor/vqmod/xml/corped.xml
   id        : Cor do Pedido
   version   : 1.0.0
   vqmver    : 2.1.5
   author    : Jeann

File Name    : admin/model/sale/order.php(0)
VQModObject::applyMod - SEARCH NOT FOUND (ABORTING MOD): $sql = "SELECT o.order_id, CONCAT(o.firstname, ' ', o.lastname) AS customer, (SELECT os.name FROM " . DB_PREFIX . "order_status os WHERE os.order_status_id = o.order_status_id AND os.language_id = '" . (int)$this->config->get('config_language_id') . "') AS status, o.total, o.currency_code, o.currency_value, o.date_added, o.date_modified FROM `" . DB_PREFIX . "order` o";

----------------------------------------------------------------------


---------- Date: 2016-12-02 22:40:38 ~ IP : ::1 ----------
REQUEST URI : /saudeesabor/admin/index.php?route=sale/order/processapedido&amp;token=968080d8ea44a0afe74e72ec6fc737bc
MOD DETAILS:
   modFile   : /Applications/MAMP/htdocs/saudeesabor/vqmod/xml/corped.xml
   id        : Cor do Pedido
   version   : 1.0.0
   vqmver    : 2.1.5
   author    : Jeann

File Name    : admin/model/sale/order.php(0)
VQModObject::applyMod - SEARCH NOT FOUND (ABORTING MOD): $sql = "SELECT o.order_id, CONCAT(o.firstname, ' ', o.lastname) AS customer, (SELECT os.name FROM " . DB_PREFIX . "order_status os WHERE os.order_status_id = o.order_status_id AND os.language_id = '" . (int)$this->config->get('config_language_id') . "') AS status, o.total, o.currency_code, o.currency_value, o.date_added, o.date_modified FROM `" . DB_PREFIX . "order` o";

----------------------------------------------------------------------


---------- Date: 2016-12-02 22:41:33 ~ IP : ::1 ----------
REQUEST URI : /saudeesabor/admin/index.php?route=sale/order/processapedido&amp;token=968080d8ea44a0afe74e72ec6fc737bc
MOD DETAILS:
   modFile   : /Applications/MAMP/htdocs/saudeesabor/vqmod/xml/corped.xml
   id        : Cor do Pedido
   version   : 1.0.0
   vqmver    : 2.1.5
   author    : Jeann

File Name    : admin/model/sale/order.php(0)
VQModObject::applyMod - SEARCH NOT FOUND (ABORTING MOD): $sql = "SELECT o.order_id, CONCAT(o.firstname, ' ', o.lastname) AS customer, (SELECT os.name FROM " . DB_PREFIX . "order_status os WHERE os.order_status_id = o.order_status_id AND os.language_id = '" . (int)$this->config->get('config_language_id') . "') AS status, o.total, o.currency_code, o.currency_value, o.date_added, o.date_modified FROM `" . DB_PREFIX . "order` o";

----------------------------------------------------------------------


---------- Date: 2016-12-02 22:55:27 ~ IP : ::1 ----------
REQUEST URI : /saudeesabor/admin/index.php?route=sale/order&amp;token=968080d8ea44a0afe74e72ec6fc737bc
MOD DETAILS:
   modFile   : /Applications/MAMP/htdocs/saudeesabor/vqmod/xml/deliverydateswizard.xml
   id        : Delivery Dates Wizard
   version   : 1.0
   vqmver    : 2.4.1
   author    : Musaffar Patel

File Name    : admin/controller/sale/order.php(2)
VQModObject::applyMod - SEARCH NOT FOUND (ABORTING MOD): public function invoice() {

----------------------------------------------------------------------


---------- Date: 2016-12-02 22:57:20 ~ IP : ::1 ----------
REQUEST URI : /saudeesabor/admin/index.php?route=sale/order/info&amp;token=968080d8ea44a0afe74e72ec6fc737bc&amp;order_id=5554
MOD DETAILS:
   modFile   : /Applications/MAMP/htdocs/saudeesabor/vqmod/xml/deliverydateswizard.xml
   id        : Delivery Dates Wizard
   version   : 1.0
   vqmver    : 2.4.1
   author    : Musaffar Patel

File Name    : admin/controller/sale/order.php(2)
VQModObject::applyMod - SEARCH NOT FOUND (ABORTING MOD): public function invoice() {

----------------------------------------------------------------------


---------- Date: 2016-12-02 23:02:38 ~ IP : ::1 ----------
REQUEST URI : /saudeesabor/admin/index.php?route=sale/order&amp;token=968080d8ea44a0afe74e72ec6fc737bc
MOD DETAILS:
   modFile   : /Applications/MAMP/htdocs/saudeesabor/vqmod/xml/deliverydateswizard.xml
   id        : Delivery Dates Wizard
   version   : 1.0
   vqmver    : 2.4.1
   author    : Musaffar Patel

File Name    : admin/controller/sale/order.php(2)
VQModObject::applyMod - SEARCH NOT FOUND (ABORTING MOD): public function invoice() {

----------------------------------------------------------------------


---------- Date: 2016-12-02 23:03:44 ~ IP : ::1 ----------
REQUEST URI : /saudeesabor/admin/index.php?route=sale/order&amp;token=968080d8ea44a0afe74e72ec6fc737bc
MOD DETAILS:
   modFile   : /Applications/MAMP/htdocs/saudeesabor/vqmod/xml/deliverydateswizard.xml
   id        : Delivery Dates Wizard
   version   : 1.0
   vqmver    : 2.4.1
   author    : Musaffar Patel

File Name    : admin/controller/sale/order.php(2)
VQModObject::applyMod - SEARCH NOT FOUND (ABORTING MOD): public function invoice() {

----------------------------------------------------------------------


---------- Date: 2016-12-02 23:04:37 ~ IP : ::1 ----------
REQUEST URI : /saudeesabor/admin/index.php?route=sale/order&amp;token=968080d8ea44a0afe74e72ec6fc737bc
MOD DETAILS:
   modFile   : /Applications/MAMP/htdocs/saudeesabor/vqmod/xml/deliverydateswizard.xml
   id        : Delivery Dates Wizard
   version   : 1.0
   vqmver    : 2.4.1
   author    : Musaffar Patel

File Name    : admin/controller/sale/order.php(2)
VQModObject::applyMod - SEARCH NOT FOUND (ABORTING MOD): public function invoice() {

----------------------------------------------------------------------


---------- Date: 2016-12-02 23:09:09 ~ IP : ::1 ----------
REQUEST URI : /saudeesabor/admin/index.php?route=sale/order&amp;token=d8b572248fd079334b0026f9f52158f8
MOD DETAILS:
   modFile   : /Applications/MAMP/htdocs/saudeesabor/vqmod/xml/deliverydateswizard.xml
   id        : Delivery Dates Wizard
   version   : 1.0
   vqmver    : 2.4.1
   author    : Musaffar Patel

File Name    : admin/controller/sale/order.php(2)
VQModObject::applyMod - SEARCH NOT FOUND (ABORTING MOD): public function invoice() {

----------------------------------------------------------------------


---------- Date: 2016-12-02 23:11:28 ~ IP : ::1 ----------
REQUEST URI : /saudeesabor/admin/index.php?route=sale/order&amp;token=d8b572248fd079334b0026f9f52158f8
MOD DETAILS:
   modFile   : /Applications/MAMP/htdocs/saudeesabor/vqmod/xml/deliverydateswizard.xml
   id        : Delivery Dates Wizard
   version   : 1.0
   vqmver    : 2.4.1
   author    : Musaffar Patel

File Name    : admin/controller/sale/order.php(2)
VQModObject::applyMod - SEARCH NOT FOUND (ABORTING MOD): public function invoice() {

----------------------------------------------------------------------


---------- Date: 2016-12-02 23:13:24 ~ IP : ::1 ----------
REQUEST URI : /saudeesabor/admin/index.php?route=sale/order&amp;token=d8b572248fd079334b0026f9f52158f8
MOD DETAILS:
   modFile   : /Applications/MAMP/htdocs/saudeesabor/vqmod/xml/deliverydateswizard.xml
   id        : Delivery Dates Wizard
   version   : 1.0
   vqmver    : 2.4.1
   author    : Musaffar Patel

File Name    : admin/controller/sale/order.php(2)
VQModObject::applyMod - SEARCH NOT FOUND (ABORTING MOD): public function invoice() {

----------------------------------------------------------------------


---------- Date: 2016-12-02 23:27:34 ~ IP : ::1 ----------
REQUEST URI : /saudeesabor/admin/index.php?route=sale/order/processapedido&amp;token=d8b572248fd079334b0026f9f52158f8
MOD DETAILS:
   modFile   : /Applications/MAMP/htdocs/saudeesabor/vqmod/xml/deliverydateswizard.xml
   id        : Delivery Dates Wizard
   version   : 1.0
   vqmver    : 2.4.1
   author    : Musaffar Patel

File Name    : admin/controller/sale/order.php(2)
VQModObject::applyMod - SEARCH NOT FOUND (ABORTING MOD): public function invoice() {

----------------------------------------------------------------------


---------- Date: 2016-12-02 23:33:13 ~ IP : ::1 ----------
REQUEST URI : /saudeesabor/admin/index.php?route=sale/order/processapedido&amp;token=d8b572248fd079334b0026f9f52158f8
MOD DETAILS:
   modFile   : /Applications/MAMP/htdocs/saudeesabor/vqmod/xml/deliverydateswizard.xml
   id        : Delivery Dates Wizard
   version   : 1.0
   vqmver    : 2.4.1
   author    : Musaffar Patel

File Name    : admin/controller/sale/order.php(2)
VQModObject::applyMod - SEARCH NOT FOUND (ABORTING MOD): public function invoice() {

----------------------------------------------------------------------


