---------- Date: 2013-04-10 04:00:15 ~ IP : 177.99.11.232 ----------
REQUEST URI : /admin/index.php?route=sale/order/invoice&amp;token=fe3076bf01754871109cdf6eaabd5e31&amp;order_id=169
DOM UNABLE TO LOAD: /home/arrobaca/public_html/japan/vqmod/xml/cpf_cnpj_dataNascimento_admin.xml
----------------------------------------------------------------------


---------- Date: 2013-04-10 13:33:47 ~ IP : 211.3.40.211 ----------
REQUEST URI : /index.php?route=account/order
MOD DETAILS:
   modFile   : /home/arrobaca/public_html/japan/vqmod/xml/cpf_cnpj_dataNascimento_loja_edicao_cad.xml
   id        : módulo de CPF CNPJ Razão Social Inscrição Estadual e Data de nascimento - parte loja edição cadastro
   version   : 1.0.1
   vqmver    : 2.1.5
   author    : Jeann e-mail: jeann@surgimento.com.br twiter: @surgimento site: http://www.surgimento.com.br/ 
SEARCH NOT FOUND (ABORTING MOD): 'address_1' => $order_info['shipping_address_1'],

----------------------------------------------------------------------


---------- Date: 2013-04-11 12:31:42 ~ IP : 122.130.114.24 ----------
REQUEST URI : /index.php?route=account/order
MOD DETAILS:
   modFile   : /home/arrobaca/public_html/japan/vqmod/xml/cpf_cnpj_dataNascimento_loja_edicao_cad.xml
   id        : módulo de CPF CNPJ Razão Social Inscrição Estadual e Data de nascimento - parte loja edição cadastro
   version   : 1.0.1
   vqmver    : 2.1.5
   author    : Jeann e-mail: jeann@surgimento.com.br twiter: @surgimento site: http://www.surgimento.com.br/ 
SEARCH NOT FOUND (ABORTING MOD): 'address_1' => $order_info['shipping_address_1'],

----------------------------------------------------------------------


---------- Date: 2013-04-11 12:36:20 ~ IP : 126.159.86.17 ----------
REQUEST URI : /index.php?route=account/order/info&amp;order_id=173
MOD DETAILS:
   modFile   : /home/arrobaca/public_html/japan/vqmod/xml/cpf_cnpj_dataNascimento_loja_edicao_cad.xml
   id        : módulo de CPF CNPJ Razão Social Inscrição Estadual e Data de nascimento - parte loja edição cadastro
   version   : 1.0.1
   vqmver    : 2.1.5
   author    : Jeann e-mail: jeann@surgimento.com.br twiter: @surgimento site: http://www.surgimento.com.br/ 
SEARCH NOT FOUND (ABORTING MOD): 'address_1' => $order_info['shipping_address_1'],

----------------------------------------------------------------------


---------- Date: 2013-04-12 05:18:09 ~ IP : 126.229.30.41 ----------
REQUEST URI : /index.php?route=account/order/info&amp;order_id=173
MOD DETAILS:
   modFile   : /home/arrobaca/public_html/japan/vqmod/xml/cpf_cnpj_dataNascimento_loja_edicao_cad.xml
   id        : módulo de CPF CNPJ Razão Social Inscrição Estadual e Data de nascimento - parte loja edição cadastro
   version   : 1.0.1
   vqmver    : 2.1.5
   author    : Jeann e-mail: jeann@surgimento.com.br twiter: @surgimento site: http://www.surgimento.com.br/ 
SEARCH NOT FOUND (ABORTING MOD): 'address_1' => $order_info['shipping_address_1'],

----------------------------------------------------------------------


---------- Date: 2013-04-12 05:26:21 ~ IP : 126.229.30.41 ----------
REQUEST URI : /index.php?route=account/order
MOD DETAILS:
   modFile   : /home/arrobaca/public_html/japan/vqmod/xml/cpf_cnpj_dataNascimento_loja_edicao_cad.xml
   id        : módulo de CPF CNPJ Razão Social Inscrição Estadual e Data de nascimento - parte loja edição cadastro
   version   : 1.0.1
   vqmver    : 2.1.5
   author    : Jeann e-mail: jeann@surgimento.com.br twiter: @surgimento site: http://www.surgimento.com.br/ 
SEARCH NOT FOUND (ABORTING MOD): 'address_1' => $order_info['shipping_address_1'],

----------------------------------------------------------------------


---------- Date: 2013-04-12 05:26:33 ~ IP : 126.229.30.41 ----------
REQUEST URI : /index.php?route=account/order/info&amp;order_id=173
MOD DETAILS:
   modFile   : /home/arrobaca/public_html/japan/vqmod/xml/cpf_cnpj_dataNascimento_loja_edicao_cad.xml
   id        : módulo de CPF CNPJ Razão Social Inscrição Estadual e Data de nascimento - parte loja edição cadastro
   version   : 1.0.1
   vqmver    : 2.1.5
   author    : Jeann e-mail: jeann@surgimento.com.br twiter: @surgimento site: http://www.surgimento.com.br/ 
SEARCH NOT FOUND (ABORTING MOD): 'address_1' => $order_info['shipping_address_1'],

----------------------------------------------------------------------


---------- Date: 2013-04-12 06:53:30 ~ IP : 126.229.30.41 ----------
REQUEST URI : /index.php?route=account/order
MOD DETAILS:
   modFile   : /home/arrobaca/public_html/japan/vqmod/xml/cpf_cnpj_dataNascimento_loja_edicao_cad.xml
   id        : módulo de CPF CNPJ Razão Social Inscrição Estadual e Data de nascimento - parte loja edição cadastro
   version   : 1.0.1
   vqmver    : 2.1.5
   author    : Jeann e-mail: jeann@surgimento.com.br twiter: @surgimento site: http://www.surgimento.com.br/ 
SEARCH NOT FOUND (ABORTING MOD): 'address_1' => $order_info['shipping_address_1'],

----------------------------------------------------------------------


---------- Date: 2013-04-12 06:53:45 ~ IP : 126.229.30.41 ----------
REQUEST URI : /index.php?route=account/order&amp;order_id=173
MOD DETAILS:
   modFile   : /home/arrobaca/public_html/japan/vqmod/xml/cpf_cnpj_dataNascimento_loja_edicao_cad.xml
   id        : módulo de CPF CNPJ Razão Social Inscrição Estadual e Data de nascimento - parte loja edição cadastro
   version   : 1.0.1
   vqmver    : 2.1.5
   author    : Jeann e-mail: jeann@surgimento.com.br twiter: @surgimento site: http://www.surgimento.com.br/ 
SEARCH NOT FOUND (ABORTING MOD): 'address_1' => $order_info['shipping_address_1'],

----------------------------------------------------------------------


---------- Date: 2013-04-16 22:56:29 ~ IP : 72.5.66.85 ----------
REQUEST URI : /index.php?route=account/order
MOD DETAILS:
   modFile   : /home/arrobaca/public_html/japan/vqmod/xml/cpf_cnpj_dataNascimento_loja_edicao_cad.xml
   id        : módulo de CPF CNPJ Razão Social Inscrição Estadual e Data de nascimento - parte loja edição cadastro
   version   : 1.0.1
   vqmver    : 2.1.5
   author    : Jeann e-mail: jeann@surgimento.com.br twiter: @surgimento site: http://www.surgimento.com.br/ 
SEARCH NOT FOUND (ABORTING MOD): 'address_1' => $order_info['shipping_address_1'],

----------------------------------------------------------------------


---------- Date: 2013-04-24 01:03:38 ~ IP : 157.56.93.71 ----------
REQUEST URI : /index.php?route=account/order
MOD DETAILS:
   modFile   : /home/arrobaca/public_html/japan/vqmod/xml/cpf_cnpj_dataNascimento_loja_edicao_cad.xml
   id        : módulo de CPF CNPJ Razão Social Inscrição Estadual e Data de nascimento - parte loja edição cadastro
   version   : 1.0.1
   vqmver    : 2.1.5
   author    : Jeann e-mail: jeann@surgimento.com.br twiter: @surgimento site: http://www.surgimento.com.br/ 
SEARCH NOT FOUND (ABORTING MOD): 'address_1' => $order_info['shipping_address_1'],

----------------------------------------------------------------------


---------- Date: 2013-04-27 04:54:08 ~ IP : 182.249.37.201 ----------
REQUEST URI : /index.php?route=account/order/info&amp;order_id=180
MOD DETAILS:
   modFile   : /home/arrobaca/public_html/japan/vqmod/xml/cpf_cnpj_dataNascimento_loja_edicao_cad.xml
   id        : módulo de CPF CNPJ Razão Social Inscrição Estadual e Data de nascimento - parte loja edição cadastro
   version   : 1.0.1
   vqmver    : 2.1.5
   author    : Jeann e-mail: jeann@surgimento.com.br twiter: @surgimento site: http://www.surgimento.com.br/ 
SEARCH NOT FOUND (ABORTING MOD): 'address_1' => $order_info['shipping_address_1'],

----------------------------------------------------------------------


---------- Date: 2013-05-02 01:52:18 ~ IP : 126.48.181.146 ----------
REQUEST URI : /index.php?route=account/order
MOD DETAILS:
   modFile   : /home/arrobaca/public_html/japan/vqmod/xml/cpf_cnpj_dataNascimento_loja_edicao_cad.xml
   id        : módulo de CPF CNPJ Razão Social Inscrição Estadual e Data de nascimento - parte loja edição cadastro
   version   : 1.0.1
   vqmver    : 2.1.5
   author    : Jeann e-mail: jeann@surgimento.com.br twiter: @surgimento site: http://www.surgimento.com.br/ 
SEARCH NOT FOUND (ABORTING MOD): 'address_1' => $order_info['shipping_address_1'],

----------------------------------------------------------------------


---------- Date: 2013-05-02 12:00:09 ~ IP : 126.254.69.200 ----------
REQUEST URI : /index.php?route=account/order
MOD DETAILS:
   modFile   : /home/arrobaca/public_html/japan/vqmod/xml/cpf_cnpj_dataNascimento_loja_edicao_cad.xml
   id        : módulo de CPF CNPJ Razão Social Inscrição Estadual e Data de nascimento - parte loja edição cadastro
   version   : 1.0.1
   vqmver    : 2.1.5
   author    : Jeann e-mail: jeann@surgimento.com.br twiter: @surgimento site: http://www.surgimento.com.br/ 
SEARCH NOT FOUND (ABORTING MOD): 'address_1' => $order_info['shipping_address_1'],

----------------------------------------------------------------------


---------- Date: 2013-05-02 13:09:55 ~ IP : 60.42.227.230 ----------
REQUEST URI : /index.php?route=account/order
MOD DETAILS:
   modFile   : /home/arrobaca/public_html/japan/vqmod/xml/cpf_cnpj_dataNascimento_loja_edicao_cad.xml
   id        : módulo de CPF CNPJ Razão Social Inscrição Estadual e Data de nascimento - parte loja edição cadastro
   version   : 1.0.1
   vqmver    : 2.1.5
   author    : Jeann e-mail: jeann@surgimento.com.br twiter: @surgimento site: http://www.surgimento.com.br/ 
SEARCH NOT FOUND (ABORTING MOD): 'address_1' => $order_info['shipping_address_1'],

----------------------------------------------------------------------


---------- Date: 2013-05-02 13:10:09 ~ IP : 60.42.227.230 ----------
REQUEST URI : /index.php?route=account/order/info&amp;order_id=187
MOD DETAILS:
   modFile   : /home/arrobaca/public_html/japan/vqmod/xml/cpf_cnpj_dataNascimento_loja_edicao_cad.xml
   id        : módulo de CPF CNPJ Razão Social Inscrição Estadual e Data de nascimento - parte loja edição cadastro
   version   : 1.0.1
   vqmver    : 2.1.5
   author    : Jeann e-mail: jeann@surgimento.com.br twiter: @surgimento site: http://www.surgimento.com.br/ 
SEARCH NOT FOUND (ABORTING MOD): 'address_1' => $order_info['shipping_address_1'],

----------------------------------------------------------------------


---------- Date: 2013-05-05 15:24:46 ~ IP : 180.76.5.192 ----------
REQUEST URI : /index.php?route=account/order
MOD DETAILS:
   modFile   : /home/arrobaca/public_html/japan/vqmod/xml/cpf_cnpj_dataNascimento_loja_edicao_cad.xml
   id        : módulo de CPF CNPJ Razão Social Inscrição Estadual e Data de nascimento - parte loja edição cadastro
   version   : 1.0.1
   vqmver    : 2.1.5
   author    : Jeann e-mail: jeann@surgimento.com.br twiter: @surgimento site: http://www.surgimento.com.br/ 
SEARCH NOT FOUND (ABORTING MOD): 'address_1' => $order_info['shipping_address_1'],

----------------------------------------------------------------------


---------- Date: 2013-05-06 13:41:32 ~ IP : 119.150.126.81 ----------
REQUEST URI : /index.php?route=account/order
MOD DETAILS:
   modFile   : /home/arrobaca/public_html/japan/vqmod/xml/cpf_cnpj_dataNascimento_loja_edicao_cad.xml
   id        : módulo de CPF CNPJ Razão Social Inscrição Estadual e Data de nascimento - parte loja edição cadastro
   version   : 1.0.1
   vqmver    : 2.1.5
   author    : Jeann e-mail: jeann@surgimento.com.br twiter: @surgimento site: http://www.surgimento.com.br/ 
SEARCH NOT FOUND (ABORTING MOD): 'address_1' => $order_info['shipping_address_1'],

----------------------------------------------------------------------


---------- Date: 2013-05-07 13:18:25 ~ IP : 72.5.66.85 ----------
REQUEST URI : /index.php?route=account/order
MOD DETAILS:
   modFile   : /home/arrobaca/public_html/japan/vqmod/xml/cpf_cnpj_dataNascimento_loja_edicao_cad.xml
   id        : módulo de CPF CNPJ Razão Social Inscrição Estadual e Data de nascimento - parte loja edição cadastro
   version   : 1.0.1
   vqmver    : 2.1.5
   author    : Jeann e-mail: jeann@surgimento.com.br twiter: @surgimento site: http://www.surgimento.com.br/ 
SEARCH NOT FOUND (ABORTING MOD): 'address_1' => $order_info['shipping_address_1'],

----------------------------------------------------------------------


---------- Date: 2013-05-11 13:27:32 ~ IP : 111.232.92.236 ----------
REQUEST URI : /index.php?route=account/order
MOD DETAILS:
   modFile   : /home/arrobaca/public_html/japan/vqmod/xml/cpf_cnpj_dataNascimento_loja_edicao_cad.xml
   id        : módulo de CPF CNPJ Razão Social Inscrição Estadual e Data de nascimento - parte loja edição cadastro
   version   : 1.0.1
   vqmver    : 2.1.5
   author    : Jeann e-mail: jeann@surgimento.com.br twiter: @surgimento site: http://www.surgimento.com.br/ 
SEARCH NOT FOUND (ABORTING MOD): 'address_1' => $order_info['shipping_address_1'],

----------------------------------------------------------------------


---------- Date: 2013-05-11 13:28:06 ~ IP : 111.232.92.236 ----------
REQUEST URI : /index.php?route=account/order
MOD DETAILS:
   modFile   : /home/arrobaca/public_html/japan/vqmod/xml/cpf_cnpj_dataNascimento_loja_edicao_cad.xml
   id        : módulo de CPF CNPJ Razão Social Inscrição Estadual e Data de nascimento - parte loja edição cadastro
   version   : 1.0.1
   vqmver    : 2.1.5
   author    : Jeann e-mail: jeann@surgimento.com.br twiter: @surgimento site: http://www.surgimento.com.br/ 
SEARCH NOT FOUND (ABORTING MOD): 'address_1' => $order_info['shipping_address_1'],

----------------------------------------------------------------------


---------- Date: 2013-05-12 05:14:09 ~ IP : 126.254.36.3 ----------
REQUEST URI : /index.php?route=account/order/info&amp;order_id=188
MOD DETAILS:
   modFile   : /home/arrobaca/public_html/japan/vqmod/xml/cpf_cnpj_dataNascimento_loja_edicao_cad.xml
   id        : módulo de CPF CNPJ Razão Social Inscrição Estadual e Data de nascimento - parte loja edição cadastro
   version   : 1.0.1
   vqmver    : 2.1.5
   author    : Jeann e-mail: jeann@surgimento.com.br twiter: @surgimento site: http://www.surgimento.com.br/ 
SEARCH NOT FOUND (ABORTING MOD): 'address_1' => $order_info['shipping_address_1'],

----------------------------------------------------------------------


---------- Date: 2013-05-14 03:17:43 ~ IP : 65.55.52.111 ----------
REQUEST URI : /index.php?route=account/order
MOD DETAILS:
   modFile   : /home/arrobaca/public_html/japan/vqmod/xml/cpf_cnpj_dataNascimento_loja_edicao_cad.xml
   id        : módulo de CPF CNPJ Razão Social Inscrição Estadual e Data de nascimento - parte loja edição cadastro
   version   : 1.0.1
   vqmver    : 2.1.5
   author    : Jeann e-mail: jeann@surgimento.com.br twiter: @surgimento site: http://www.surgimento.com.br/ 
SEARCH NOT FOUND (ABORTING MOD): 'address_1' => $order_info['shipping_address_1'],

----------------------------------------------------------------------


---------- Date: 2013-05-18 05:16:22 ~ IP : 126.205.68.208 ----------
REQUEST URI : /index.php?route=account/order
MOD DETAILS:
   modFile   : /home/arrobaca/public_html/japan/vqmod/xml/cpf_cnpj_dataNascimento_loja_edicao_cad.xml
   id        : módulo de CPF CNPJ Razão Social Inscrição Estadual e Data de nascimento - parte loja edição cadastro
   version   : 1.0.1
   vqmver    : 2.1.5
   author    : Jeann e-mail: jeann@surgimento.com.br twiter: @surgimento site: http://www.surgimento.com.br/ 
SEARCH NOT FOUND (ABORTING MOD): 'address_1' => $order_info['shipping_address_1'],

----------------------------------------------------------------------


---------- Date: 2013-05-18 09:05:55 ~ IP : 126.205.68.208 ----------
REQUEST URI : /index.php?route=account/order
MOD DETAILS:
   modFile   : /home/arrobaca/public_html/japan/vqmod/xml/cpf_cnpj_dataNascimento_loja_edicao_cad.xml
   id        : módulo de CPF CNPJ Razão Social Inscrição Estadual e Data de nascimento - parte loja edição cadastro
   version   : 1.0.1
   vqmver    : 2.1.5
   author    : Jeann e-mail: jeann@surgimento.com.br twiter: @surgimento site: http://www.surgimento.com.br/ 
SEARCH NOT FOUND (ABORTING MOD): 'address_1' => $order_info['shipping_address_1'],

----------------------------------------------------------------------


---------- Date: 2013-05-19 07:25:02 ~ IP : 72.5.66.83 ----------
REQUEST URI : /index.php?route=account/order
MOD DETAILS:
   modFile   : /home/arrobaca/public_html/japan/vqmod/xml/cpf_cnpj_dataNascimento_loja_edicao_cad.xml
   id        : módulo de CPF CNPJ Razão Social Inscrição Estadual e Data de nascimento - parte loja edição cadastro
   version   : 1.0.1
   vqmver    : 2.1.5
   author    : Jeann e-mail: jeann@surgimento.com.br twiter: @surgimento site: http://www.surgimento.com.br/ 
SEARCH NOT FOUND (ABORTING MOD): 'address_1' => $order_info['shipping_address_1'],

----------------------------------------------------------------------


---------- Date: 2013-05-19 20:15:22 ~ IP : 65.55.213.68 ----------
REQUEST URI : /index.php?route=account/order
MOD DETAILS:
   modFile   : /home/arrobaca/public_html/japan/vqmod/xml/cpf_cnpj_dataNascimento_loja_edicao_cad.xml
   id        : módulo de CPF CNPJ Razão Social Inscrição Estadual e Data de nascimento - parte loja edição cadastro
   version   : 1.0.1
   vqmver    : 2.1.5
   author    : Jeann e-mail: jeann@surgimento.com.br twiter: @surgimento site: http://www.surgimento.com.br/ 
SEARCH NOT FOUND (ABORTING MOD): 'address_1' => $order_info['shipping_address_1'],

----------------------------------------------------------------------


---------- Date: 2013-05-24 12:36:07 ~ IP : 182.250.113.134 ----------
REQUEST URI : /index.php?route=account/order
MOD DETAILS:
   modFile   : /home/arrobaca/public_html/japan/vqmod/xml/cpf_cnpj_dataNascimento_loja_edicao_cad.xml
   id        : módulo de CPF CNPJ Razão Social Inscrição Estadual e Data de nascimento - parte loja edição cadastro
   version   : 1.0.1
   vqmver    : 2.1.5
   author    : Jeann e-mail: jeann@surgimento.com.br twiter: @surgimento site: http://www.surgimento.com.br/ 
SEARCH NOT FOUND (ABORTING MOD): 'address_1' => $order_info['shipping_address_1'],

----------------------------------------------------------------------


---------- Date: 2013-05-26 05:56:05 ~ IP : 66.249.75.14 ----------
REQUEST URI : /index.php?route=account/order
MOD DETAILS:
   modFile   : /home/arrobaca/public_html/japan/vqmod/xml/cpf_cnpj_dataNascimento_loja_edicao_cad.xml
   id        : módulo de CPF CNPJ Razão Social Inscrição Estadual e Data de nascimento - parte loja edição cadastro
   version   : 1.0.1
   vqmver    : 2.1.5
   author    : Jeann e-mail: jeann@surgimento.com.br twiter: @surgimento site: http://www.surgimento.com.br/ 
SEARCH NOT FOUND (ABORTING MOD): 'address_1' => $order_info['shipping_address_1'],

----------------------------------------------------------------------


---------- Date: 2013-05-26 21:24:38 ~ IP : 65.55.52.111 ----------
REQUEST URI : /index.php?route=account/order
MOD DETAILS:
   modFile   : /home/arrobaca/public_html/japan/vqmod/xml/cpf_cnpj_dataNascimento_loja_edicao_cad.xml
   id        : módulo de CPF CNPJ Razão Social Inscrição Estadual e Data de nascimento - parte loja edição cadastro
   version   : 1.0.1
   vqmver    : 2.1.5
   author    : Jeann e-mail: jeann@surgimento.com.br twiter: @surgimento site: http://www.surgimento.com.br/ 
SEARCH NOT FOUND (ABORTING MOD): 'address_1' => $order_info['shipping_address_1'],

----------------------------------------------------------------------


---------- Date: 2013-05-28 03:21:06 ~ IP : 202.225.47.83 ----------
REQUEST URI : /index.php?route=account/order
MOD DETAILS:
   modFile   : /home/arrobaca/public_html/japan/vqmod/xml/cpf_cnpj_dataNascimento_loja_edicao_cad.xml
   id        : módulo de CPF CNPJ Razão Social Inscrição Estadual e Data de nascimento - parte loja edição cadastro
   version   : 1.0.1
   vqmver    : 2.1.5
   author    : Jeann e-mail: jeann@surgimento.com.br twiter: @surgimento site: http://www.surgimento.com.br/ 
SEARCH NOT FOUND (ABORTING MOD): 'address_1' => $order_info['shipping_address_1'],

----------------------------------------------------------------------


---------- Date: 2013-05-28 03:23:24 ~ IP : 202.225.47.83 ----------
REQUEST URI : /index.php?route=account/order/info&amp;order_id=192
MOD DETAILS:
   modFile   : /home/arrobaca/public_html/japan/vqmod/xml/cpf_cnpj_dataNascimento_loja_edicao_cad.xml
   id        : módulo de CPF CNPJ Razão Social Inscrição Estadual e Data de nascimento - parte loja edição cadastro
   version   : 1.0.1
   vqmver    : 2.1.5
   author    : Jeann e-mail: jeann@surgimento.com.br twiter: @surgimento site: http://www.surgimento.com.br/ 
SEARCH NOT FOUND (ABORTING MOD): 'address_1' => $order_info['shipping_address_1'],

----------------------------------------------------------------------


---------- Date: 2013-05-28 03:24:37 ~ IP : 202.225.47.83 ----------
REQUEST URI : /index.php?route=account/order/info&amp;order_id=192
MOD DETAILS:
   modFile   : /home/arrobaca/public_html/japan/vqmod/xml/cpf_cnpj_dataNascimento_loja_edicao_cad.xml
   id        : módulo de CPF CNPJ Razão Social Inscrição Estadual e Data de nascimento - parte loja edição cadastro
   version   : 1.0.1
   vqmver    : 2.1.5
   author    : Jeann e-mail: jeann@surgimento.com.br twiter: @surgimento site: http://www.surgimento.com.br/ 
SEARCH NOT FOUND (ABORTING MOD): 'address_1' => $order_info['shipping_address_1'],

----------------------------------------------------------------------


---------- Date: 2013-05-28 03:25:23 ~ IP : 202.225.47.83 ----------
REQUEST URI : /index.php?route=account/order
MOD DETAILS:
   modFile   : /home/arrobaca/public_html/japan/vqmod/xml/cpf_cnpj_dataNascimento_loja_edicao_cad.xml
   id        : módulo de CPF CNPJ Razão Social Inscrição Estadual e Data de nascimento - parte loja edição cadastro
   version   : 1.0.1
   vqmver    : 2.1.5
   author    : Jeann e-mail: jeann@surgimento.com.br twiter: @surgimento site: http://www.surgimento.com.br/ 
SEARCH NOT FOUND (ABORTING MOD): 'address_1' => $order_info['shipping_address_1'],

----------------------------------------------------------------------


---------- Date: 2013-05-28 08:31:41 ~ IP : 202.225.47.83 ----------
REQUEST URI : /index.php?route=account/order/info&amp;order_id=192
MOD DETAILS:
   modFile   : /home/arrobaca/public_html/japan/vqmod/xml/cpf_cnpj_dataNascimento_loja_edicao_cad.xml
   id        : módulo de CPF CNPJ Razão Social Inscrição Estadual e Data de nascimento - parte loja edição cadastro
   version   : 1.0.1
   vqmver    : 2.1.5
   author    : Jeann e-mail: jeann@surgimento.com.br twiter: @surgimento site: http://www.surgimento.com.br/ 
SEARCH NOT FOUND (ABORTING MOD): 'address_1' => $order_info['shipping_address_1'],

----------------------------------------------------------------------


---------- Date: 2013-05-28 08:31:48 ~ IP : 202.225.47.83 ----------
REQUEST URI : /index.php?route=account/order/info&amp;order_id=192
MOD DETAILS:
   modFile   : /home/arrobaca/public_html/japan/vqmod/xml/cpf_cnpj_dataNascimento_loja_edicao_cad.xml
   id        : módulo de CPF CNPJ Razão Social Inscrição Estadual e Data de nascimento - parte loja edição cadastro
   version   : 1.0.1
   vqmver    : 2.1.5
   author    : Jeann e-mail: jeann@surgimento.com.br twiter: @surgimento site: http://www.surgimento.com.br/ 
SEARCH NOT FOUND (ABORTING MOD): 'address_1' => $order_info['shipping_address_1'],

----------------------------------------------------------------------


---------- Date: 2013-05-28 23:20:21 ~ IP : 72.5.66.85 ----------
REQUEST URI : /index.php?route=account/order
MOD DETAILS:
   modFile   : /home/arrobaca/public_html/japan/vqmod/xml/cpf_cnpj_dataNascimento_loja_edicao_cad.xml
   id        : módulo de CPF CNPJ Razão Social Inscrição Estadual e Data de nascimento - parte loja edição cadastro
   version   : 1.0.1
   vqmver    : 2.1.5
   author    : Jeann e-mail: jeann@surgimento.com.br twiter: @surgimento site: http://www.surgimento.com.br/ 
SEARCH NOT FOUND (ABORTING MOD): 'address_1' => $order_info['shipping_address_1'],

----------------------------------------------------------------------


---------- Date: 2013-05-29 01:48:46 ~ IP : 222.14.177.241 ----------
REQUEST URI : /index.php?route=account/order
MOD DETAILS:
   modFile   : /home/arrobaca/public_html/japan/vqmod/xml/cpf_cnpj_dataNascimento_loja_edicao_cad.xml
   id        : módulo de CPF CNPJ Razão Social Inscrição Estadual e Data de nascimento - parte loja edição cadastro
   version   : 1.0.1
   vqmver    : 2.1.5
   author    : Jeann e-mail: jeann@surgimento.com.br twiter: @surgimento site: http://www.surgimento.com.br/ 
SEARCH NOT FOUND (ABORTING MOD): 'address_1' => $order_info['shipping_address_1'],

----------------------------------------------------------------------


---------- Date: 2013-05-29 01:48:55 ~ IP : 222.14.177.241 ----------
REQUEST URI : /index.php?route=account/order/info&amp;order_id=191
MOD DETAILS:
   modFile   : /home/arrobaca/public_html/japan/vqmod/xml/cpf_cnpj_dataNascimento_loja_edicao_cad.xml
   id        : módulo de CPF CNPJ Razão Social Inscrição Estadual e Data de nascimento - parte loja edição cadastro
   version   : 1.0.1
   vqmver    : 2.1.5
   author    : Jeann e-mail: jeann@surgimento.com.br twiter: @surgimento site: http://www.surgimento.com.br/ 
SEARCH NOT FOUND (ABORTING MOD): 'address_1' => $order_info['shipping_address_1'],

----------------------------------------------------------------------


---------- Date: 2013-05-29 01:49:11 ~ IP : 222.14.177.241 ----------
REQUEST URI : /index.php?route=account/order
MOD DETAILS:
   modFile   : /home/arrobaca/public_html/japan/vqmod/xml/cpf_cnpj_dataNascimento_loja_edicao_cad.xml
   id        : módulo de CPF CNPJ Razão Social Inscrição Estadual e Data de nascimento - parte loja edição cadastro
   version   : 1.0.1
   vqmver    : 2.1.5
   author    : Jeann e-mail: jeann@surgimento.com.br twiter: @surgimento site: http://www.surgimento.com.br/ 
SEARCH NOT FOUND (ABORTING MOD): 'address_1' => $order_info['shipping_address_1'],

----------------------------------------------------------------------


---------- Date: 2013-05-29 01:49:16 ~ IP : 222.14.177.241 ----------
REQUEST URI : /index.php?route=account/order/info&amp;order_id=191
MOD DETAILS:
   modFile   : /home/arrobaca/public_html/japan/vqmod/xml/cpf_cnpj_dataNascimento_loja_edicao_cad.xml
   id        : módulo de CPF CNPJ Razão Social Inscrição Estadual e Data de nascimento - parte loja edição cadastro
   version   : 1.0.1
   vqmver    : 2.1.5
   author    : Jeann e-mail: jeann@surgimento.com.br twiter: @surgimento site: http://www.surgimento.com.br/ 
SEARCH NOT FOUND (ABORTING MOD): 'address_1' => $order_info['shipping_address_1'],

----------------------------------------------------------------------


---------- Date: 2013-05-29 01:51:24 ~ IP : 222.14.177.241 ----------
REQUEST URI : /index.php?route=account/order
MOD DETAILS:
   modFile   : /home/arrobaca/public_html/japan/vqmod/xml/cpf_cnpj_dataNascimento_loja_edicao_cad.xml
   id        : módulo de CPF CNPJ Razão Social Inscrição Estadual e Data de nascimento - parte loja edição cadastro
   version   : 1.0.1
   vqmver    : 2.1.5
   author    : Jeann e-mail: jeann@surgimento.com.br twiter: @surgimento site: http://www.surgimento.com.br/ 
SEARCH NOT FOUND (ABORTING MOD): 'address_1' => $order_info['shipping_address_1'],

----------------------------------------------------------------------


---------- Date: 2013-05-29 01:51:32 ~ IP : 222.14.177.241 ----------
REQUEST URI : /index.php?route=account/order/info&amp;order_id=191
MOD DETAILS:
   modFile   : /home/arrobaca/public_html/japan/vqmod/xml/cpf_cnpj_dataNascimento_loja_edicao_cad.xml
   id        : módulo de CPF CNPJ Razão Social Inscrição Estadual e Data de nascimento - parte loja edição cadastro
   version   : 1.0.1
   vqmver    : 2.1.5
   author    : Jeann e-mail: jeann@surgimento.com.br twiter: @surgimento site: http://www.surgimento.com.br/ 
SEARCH NOT FOUND (ABORTING MOD): 'address_1' => $order_info['shipping_address_1'],

----------------------------------------------------------------------


---------- Date: 2013-05-29 02:08:19 ~ IP : 126.205.156.56 ----------
REQUEST URI : /index.php?route=account/order
MOD DETAILS:
   modFile   : /home/arrobaca/public_html/japan/vqmod/xml/cpf_cnpj_dataNascimento_loja_edicao_cad.xml
   id        : módulo de CPF CNPJ Razão Social Inscrição Estadual e Data de nascimento - parte loja edição cadastro
   version   : 1.0.1
   vqmver    : 2.1.5
   author    : Jeann e-mail: jeann@surgimento.com.br twiter: @surgimento site: http://www.surgimento.com.br/ 
SEARCH NOT FOUND (ABORTING MOD): 'address_1' => $order_info['shipping_address_1'],

----------------------------------------------------------------------


---------- Date: 2013-05-31 11:58:26 ~ IP : 180.76.5.156 ----------
REQUEST URI : /index.php?route=account/order
MOD DETAILS:
   modFile   : /home/arrobaca/public_html/japan/vqmod/xml/cpf_cnpj_dataNascimento_loja_edicao_cad.xml
   id        : módulo de CPF CNPJ Razão Social Inscrição Estadual e Data de nascimento - parte loja edição cadastro
   version   : 1.0.1
   vqmver    : 2.1.5
   author    : Jeann e-mail: jeann@surgimento.com.br twiter: @surgimento site: http://www.surgimento.com.br/ 
SEARCH NOT FOUND (ABORTING MOD): 'address_1' => $order_info['shipping_address_1'],

----------------------------------------------------------------------


---------- Date: 2013-06-02 11:31:36 ~ IP : 112.139.6.250 ----------
REQUEST URI : /index.php?route=account/order
MOD DETAILS:
   modFile   : /home/arrobaca/public_html/japan/vqmod/xml/cpf_cnpj_dataNascimento_loja_edicao_cad.xml
   id        : módulo de CPF CNPJ Razão Social Inscrição Estadual e Data de nascimento - parte loja edição cadastro
   version   : 1.0.1
   vqmver    : 2.1.5
   author    : Jeann e-mail: jeann@surgimento.com.br twiter: @surgimento site: http://www.surgimento.com.br/ 
SEARCH NOT FOUND (ABORTING MOD): 'address_1' => $order_info['shipping_address_1'],

----------------------------------------------------------------------


---------- Date: 2013-06-03 01:22:54 ~ IP : 157.56.229.211 ----------
REQUEST URI : /index.php?route=account/order
MOD DETAILS:
   modFile   : /home/arrobaca/public_html/japan/vqmod/xml/cpf_cnpj_dataNascimento_loja_edicao_cad.xml
   id        : módulo de CPF CNPJ Razão Social Inscrição Estadual e Data de nascimento - parte loja edição cadastro
   version   : 1.0.1
   vqmver    : 2.1.5
   author    : Jeann e-mail: jeann@surgimento.com.br twiter: @surgimento site: http://www.surgimento.com.br/ 
SEARCH NOT FOUND (ABORTING MOD): 'address_1' => $order_info['shipping_address_1'],

----------------------------------------------------------------------


---------- Date: 2013-06-05 09:02:52 ~ IP : 112.139.6.250 ----------
REQUEST URI : /index.php?route=account/order
MOD DETAILS:
   modFile   : /home/arrobaca/public_html/japan/vqmod/xml/cpf_cnpj_dataNascimento_loja_edicao_cad.xml
   id        : módulo de CPF CNPJ Razão Social Inscrição Estadual e Data de nascimento - parte loja edição cadastro
   version   : 1.0.1
   vqmver    : 2.1.5
   author    : Jeann e-mail: jeann@surgimento.com.br twiter: @surgimento site: http://www.surgimento.com.br/ 
SEARCH NOT FOUND (ABORTING MOD): 'address_1' => $order_info['shipping_address_1'],

----------------------------------------------------------------------


---------- Date: 2013-06-07 08:18:02 ~ IP : 65.55.213.68 ----------
REQUEST URI : /index.php?route=account/order
MOD DETAILS:
   modFile   : /home/arrobaca/public_html/japan/vqmod/xml/cpf_cnpj_dataNascimento_loja_edicao_cad.xml
   id        : módulo de CPF CNPJ Razão Social Inscrição Estadual e Data de nascimento - parte loja edição cadastro
   version   : 1.0.1
   vqmver    : 2.1.5
   author    : Jeann e-mail: jeann@surgimento.com.br twiter: @surgimento site: http://www.surgimento.com.br/ 
SEARCH NOT FOUND (ABORTING MOD): 'address_1' => $order_info['shipping_address_1'],

----------------------------------------------------------------------


---------- Date: 2013-06-13 01:21:03 ~ IP : 66.249.72.14 ----------
REQUEST URI : /index.php?route=account/order
MOD DETAILS:
   modFile   : /home/arrobaca/public_html/japan/vqmod/xml/cpf_cnpj_dataNascimento_loja_edicao_cad.xml
   id        : módulo de CPF CNPJ Razão Social Inscrição Estadual e Data de nascimento - parte loja edição cadastro
   version   : 1.0.1
   vqmver    : 2.1.5
   author    : Jeann e-mail: jeann@surgimento.com.br twiter: @surgimento site: http://www.surgimento.com.br/ 
SEARCH NOT FOUND (ABORTING MOD): 'address_1' => $order_info['shipping_address_1'],

----------------------------------------------------------------------


---------- Date: 2013-06-14 10:45:27 ~ IP : 126.2.121.122 ----------
REQUEST URI : /index.php?route=account/order
MOD DETAILS:
   modFile   : /home/arrobaca/public_html/japan/vqmod/xml/cpf_cnpj_dataNascimento_loja_edicao_cad.xml
   id        : módulo de CPF CNPJ Razão Social Inscrição Estadual e Data de nascimento - parte loja edição cadastro
   version   : 1.0.1
   vqmver    : 2.1.5
   author    : Jeann e-mail: jeann@surgimento.com.br twiter: @surgimento site: http://www.surgimento.com.br/ 
SEARCH NOT FOUND (ABORTING MOD): 'address_1' => $order_info['shipping_address_1'],

----------------------------------------------------------------------


---------- Date: 2013-06-17 10:03:10 ~ IP : 118.110.147.20 ----------
REQUEST URI : /index.php?route=account/order
MOD DETAILS:
   modFile   : /home/arrobaca/public_html/japan/vqmod/xml/cpf_cnpj_dataNascimento_loja_edicao_cad.xml
   id        : módulo de CPF CNPJ Razão Social Inscrição Estadual e Data de nascimento - parte loja edição cadastro
   version   : 1.0.1
   vqmver    : 2.1.5
   author    : Jeann e-mail: jeann@surgimento.com.br twiter: @surgimento site: http://www.surgimento.com.br/ 
SEARCH NOT FOUND (ABORTING MOD): 'address_1' => $order_info['shipping_address_1'],

----------------------------------------------------------------------


---------- Date: 2013-06-17 10:03:20 ~ IP : 118.110.147.20 ----------
REQUEST URI : /index.php?route=account/order/info&amp;order_id=196
MOD DETAILS:
   modFile   : /home/arrobaca/public_html/japan/vqmod/xml/cpf_cnpj_dataNascimento_loja_edicao_cad.xml
   id        : módulo de CPF CNPJ Razão Social Inscrição Estadual e Data de nascimento - parte loja edição cadastro
   version   : 1.0.1
   vqmver    : 2.1.5
   author    : Jeann e-mail: jeann@surgimento.com.br twiter: @surgimento site: http://www.surgimento.com.br/ 
SEARCH NOT FOUND (ABORTING MOD): 'address_1' => $order_info['shipping_address_1'],

----------------------------------------------------------------------


---------- Date: 2013-06-18 07:42:16 ~ IP : 118.110.147.20 ----------
REQUEST URI : /index.php?route=account/order
MOD DETAILS:
   modFile   : /home/arrobaca/public_html/japan/vqmod/xml/cpf_cnpj_dataNascimento_loja_edicao_cad.xml
   id        : módulo de CPF CNPJ Razão Social Inscrição Estadual e Data de nascimento - parte loja edição cadastro
   version   : 1.0.1
   vqmver    : 2.1.5
   author    : Jeann e-mail: jeann@surgimento.com.br twiter: @surgimento site: http://www.surgimento.com.br/ 
SEARCH NOT FOUND (ABORTING MOD): 'address_1' => $order_info['shipping_address_1'],

----------------------------------------------------------------------


---------- Date: 2013-06-18 07:42:31 ~ IP : 118.110.147.20 ----------
REQUEST URI : /index.php?route=account/order/info&amp;order_id=196
MOD DETAILS:
   modFile   : /home/arrobaca/public_html/japan/vqmod/xml/cpf_cnpj_dataNascimento_loja_edicao_cad.xml
   id        : módulo de CPF CNPJ Razão Social Inscrição Estadual e Data de nascimento - parte loja edição cadastro
   version   : 1.0.1
   vqmver    : 2.1.5
   author    : Jeann e-mail: jeann@surgimento.com.br twiter: @surgimento site: http://www.surgimento.com.br/ 
SEARCH NOT FOUND (ABORTING MOD): 'address_1' => $order_info['shipping_address_1'],

----------------------------------------------------------------------


---------- Date: 2013-06-18 07:43:23 ~ IP : 118.110.147.20 ----------
REQUEST URI : /index.php?route=account/order
MOD DETAILS:
   modFile   : /home/arrobaca/public_html/japan/vqmod/xml/cpf_cnpj_dataNascimento_loja_edicao_cad.xml
   id        : módulo de CPF CNPJ Razão Social Inscrição Estadual e Data de nascimento - parte loja edição cadastro
   version   : 1.0.1
   vqmver    : 2.1.5
   author    : Jeann e-mail: jeann@surgimento.com.br twiter: @surgimento site: http://www.surgimento.com.br/ 
SEARCH NOT FOUND (ABORTING MOD): 'address_1' => $order_info['shipping_address_1'],

----------------------------------------------------------------------


---------- Date: 2013-06-18 07:43:30 ~ IP : 118.110.147.20 ----------
REQUEST URI : /index.php?route=account/order/info&amp;order_id=196
MOD DETAILS:
   modFile   : /home/arrobaca/public_html/japan/vqmod/xml/cpf_cnpj_dataNascimento_loja_edicao_cad.xml
   id        : módulo de CPF CNPJ Razão Social Inscrição Estadual e Data de nascimento - parte loja edição cadastro
   version   : 1.0.1
   vqmver    : 2.1.5
   author    : Jeann e-mail: jeann@surgimento.com.br twiter: @surgimento site: http://www.surgimento.com.br/ 
SEARCH NOT FOUND (ABORTING MOD): 'address_1' => $order_info['shipping_address_1'],

----------------------------------------------------------------------


---------- Date: 2013-06-21 03:02:43 ~ IP : 118.110.147.20 ----------
REQUEST URI : /index.php?route=account/order
MOD DETAILS:
   modFile   : /home/arrobaca/public_html/japan/vqmod/xml/cpf_cnpj_dataNascimento_loja_edicao_cad.xml
   id        : módulo de CPF CNPJ Razão Social Inscrição Estadual e Data de nascimento - parte loja edição cadastro
   version   : 1.0.1
   vqmver    : 2.1.5
   author    : Jeann e-mail: jeann@surgimento.com.br twiter: @surgimento site: http://www.surgimento.com.br/ 
SEARCH NOT FOUND (ABORTING MOD): 'address_1' => $order_info['shipping_address_1'],

----------------------------------------------------------------------


---------- Date: 2013-06-21 03:03:04 ~ IP : 118.110.147.20 ----------
REQUEST URI : /index.php?route=account/order/info&amp;order_id=196
MOD DETAILS:
   modFile   : /home/arrobaca/public_html/japan/vqmod/xml/cpf_cnpj_dataNascimento_loja_edicao_cad.xml
   id        : módulo de CPF CNPJ Razão Social Inscrição Estadual e Data de nascimento - parte loja edição cadastro
   version   : 1.0.1
   vqmver    : 2.1.5
   author    : Jeann e-mail: jeann@surgimento.com.br twiter: @surgimento site: http://www.surgimento.com.br/ 
SEARCH NOT FOUND (ABORTING MOD): 'address_1' => $order_info['shipping_address_1'],

----------------------------------------------------------------------


---------- Date: 2013-06-21 19:49:15 ~ IP : 157.55.32.101 ----------
REQUEST URI : /index.php?route=account/order
MOD DETAILS:
   modFile   : /home/arrobaca/public_html/japan/vqmod/xml/cpf_cnpj_dataNascimento_loja_edicao_cad.xml
   id        : módulo de CPF CNPJ Razão Social Inscrição Estadual e Data de nascimento - parte loja edição cadastro
   version   : 1.0.1
   vqmver    : 2.1.5
   author    : Jeann e-mail: jeann@surgimento.com.br twiter: @surgimento site: http://www.surgimento.com.br/ 
SEARCH NOT FOUND (ABORTING MOD): 'address_1' => $order_info['shipping_address_1'],

----------------------------------------------------------------------


---------- Date: 2013-06-25 06:57:27 ~ IP : 60.132.7.184 ----------
REQUEST URI : /index.php?route=account/order/info&amp;order_id=197
MOD DETAILS:
   modFile   : /home/arrobaca/public_html/japan/vqmod/xml/cpf_cnpj_dataNascimento_loja_edicao_cad.xml
   id        : módulo de CPF CNPJ Razão Social Inscrição Estadual e Data de nascimento - parte loja edição cadastro
   version   : 1.0.1
   vqmver    : 2.1.5
   author    : Jeann e-mail: jeann@surgimento.com.br twiter: @surgimento site: http://www.surgimento.com.br/ 
SEARCH NOT FOUND (ABORTING MOD): 'address_1' => $order_info['shipping_address_1'],

----------------------------------------------------------------------


---------- Date: 2013-06-25 06:57:32 ~ IP : 60.132.7.184 ----------
REQUEST URI : /index.php?route=account/order/info&amp;order_id=197
MOD DETAILS:
   modFile   : /home/arrobaca/public_html/japan/vqmod/xml/cpf_cnpj_dataNascimento_loja_edicao_cad.xml
   id        : módulo de CPF CNPJ Razão Social Inscrição Estadual e Data de nascimento - parte loja edição cadastro
   version   : 1.0.1
   vqmver    : 2.1.5
   author    : Jeann e-mail: jeann@surgimento.com.br twiter: @surgimento site: http://www.surgimento.com.br/ 
SEARCH NOT FOUND (ABORTING MOD): 'address_1' => $order_info['shipping_address_1'],

----------------------------------------------------------------------


---------- Date: 2013-06-25 06:57:52 ~ IP : 60.132.7.184 ----------
REQUEST URI : /index.php?route=account/order/info&amp;order_id=197
MOD DETAILS:
   modFile   : /home/arrobaca/public_html/japan/vqmod/xml/cpf_cnpj_dataNascimento_loja_edicao_cad.xml
   id        : módulo de CPF CNPJ Razão Social Inscrição Estadual e Data de nascimento - parte loja edição cadastro
   version   : 1.0.1
   vqmver    : 2.1.5
   author    : Jeann e-mail: jeann@surgimento.com.br twiter: @surgimento site: http://www.surgimento.com.br/ 
SEARCH NOT FOUND (ABORTING MOD): 'address_1' => $order_info['shipping_address_1'],

----------------------------------------------------------------------


---------- Date: 2013-06-25 13:53:47 ~ IP : 180.76.5.142 ----------
REQUEST URI : /index.php?route=account/order
MOD DETAILS:
   modFile   : /home/arrobaca/public_html/japan/vqmod/xml/cpf_cnpj_dataNascimento_loja_edicao_cad.xml
   id        : módulo de CPF CNPJ Razão Social Inscrição Estadual e Data de nascimento - parte loja edição cadastro
   version   : 1.0.1
   vqmver    : 2.1.5
   author    : Jeann e-mail: jeann@surgimento.com.br twiter: @surgimento site: http://www.surgimento.com.br/ 
SEARCH NOT FOUND (ABORTING MOD): 'address_1' => $order_info['shipping_address_1'],

----------------------------------------------------------------------


---------- Date: 2013-06-27 00:12:33 ~ IP : 72.5.66.83 ----------
REQUEST URI : /index.php?route=account/order
MOD DETAILS:
   modFile   : /home/arrobaca/public_html/japan/vqmod/xml/cpf_cnpj_dataNascimento_loja_edicao_cad.xml
   id        : módulo de CPF CNPJ Razão Social Inscrição Estadual e Data de nascimento - parte loja edição cadastro
   version   : 1.0.1
   vqmver    : 2.1.5
   author    : Jeann e-mail: jeann@surgimento.com.br twiter: @surgimento site: http://www.surgimento.com.br/ 
SEARCH NOT FOUND (ABORTING MOD): 'address_1' => $order_info['shipping_address_1'],

----------------------------------------------------------------------


---------- Date: 2013-06-29 15:11:20 ~ IP : 126.205.26.178 ----------
REQUEST URI : /index.php?route=account/order/info&amp;order_id=200
MOD DETAILS:
   modFile   : /home/arrobaca/public_html/japan/vqmod/xml/cpf_cnpj_dataNascimento_loja_edicao_cad.xml
   id        : módulo de CPF CNPJ Razão Social Inscrição Estadual e Data de nascimento - parte loja edição cadastro
   version   : 1.0.1
   vqmver    : 2.1.5
   author    : Jeann e-mail: jeann@surgimento.com.br twiter: @surgimento site: http://www.surgimento.com.br/ 
SEARCH NOT FOUND (ABORTING MOD): 'address_1' => $order_info['shipping_address_1'],

----------------------------------------------------------------------


---------- Date: 2013-07-06 09:07:39 ~ IP : 126.16.76.23 ----------
REQUEST URI : /index.php?route=account/order/info&amp;order_id=201
MOD DETAILS:
   modFile   : /home/arrobaca/public_html/japan/vqmod/xml/cpf_cnpj_dataNascimento_loja_edicao_cad.xml
   id        : módulo de CPF CNPJ Razão Social Inscrição Estadual e Data de nascimento - parte loja edição cadastro
   version   : 1.0.1
   vqmver    : 2.1.5
   author    : Jeann e-mail: jeann@surgimento.com.br twiter: @surgimento site: http://www.surgimento.com.br/ 
SEARCH NOT FOUND (ABORTING MOD): 'address_1' => $order_info['shipping_address_1'],

----------------------------------------------------------------------


---------- Date: 2013-07-08 02:16:01 ~ IP : 146.52.224.16 ----------
REQUEST URI : /index.php?route=account/order
MOD DETAILS:
   modFile   : /home/arrobaca/public_html/japan/vqmod/xml/cpf_cnpj_dataNascimento_loja_edicao_cad.xml
   id        : módulo de CPF CNPJ Razão Social Inscrição Estadual e Data de nascimento - parte loja edição cadastro
   version   : 1.0.1
   vqmver    : 2.1.5
   author    : Jeann e-mail: jeann@surgimento.com.br twiter: @surgimento site: http://www.surgimento.com.br/ 
SEARCH NOT FOUND (ABORTING MOD): 'address_1' => $order_info['shipping_address_1'],

----------------------------------------------------------------------


---------- Date: 2013-07-09 00:54:14 ~ IP : 157.56.93.84 ----------
REQUEST URI : /index.php?route=account/order
MOD DETAILS:
   modFile   : /home/arrobaca/public_html/japan/vqmod/xml/cpf_cnpj_dataNascimento_loja_edicao_cad.xml
   id        : módulo de CPF CNPJ Razão Social Inscrição Estadual e Data de nascimento - parte loja edição cadastro
   version   : 1.0.1
   vqmver    : 2.1.5
   author    : Jeann e-mail: jeann@surgimento.com.br twiter: @surgimento site: http://www.surgimento.com.br/ 
SEARCH NOT FOUND (ABORTING MOD): 'address_1' => $order_info['shipping_address_1'],

----------------------------------------------------------------------


---------- Date: 2013-07-09 23:57:23 ~ IP : 72.5.66.84 ----------
REQUEST URI : /index.php?route=account/order
MOD DETAILS:
   modFile   : /home/arrobaca/public_html/japan/vqmod/xml/cpf_cnpj_dataNascimento_loja_edicao_cad.xml
   id        : módulo de CPF CNPJ Razão Social Inscrição Estadual e Data de nascimento - parte loja edição cadastro
   version   : 1.0.1
   vqmver    : 2.1.5
   author    : Jeann e-mail: jeann@surgimento.com.br twiter: @surgimento site: http://www.surgimento.com.br/ 
SEARCH NOT FOUND (ABORTING MOD): 'address_1' => $order_info['shipping_address_1'],

----------------------------------------------------------------------


---------- Date: 2013-07-11 07:38:30 ~ IP : 182.249.244.13 ----------
REQUEST URI : /index.php?route=account/order/info&amp;order_id=202
MOD DETAILS:
   modFile   : /home/arrobaca/public_html/japan/vqmod/xml/cpf_cnpj_dataNascimento_loja_edicao_cad.xml
   id        : módulo de CPF CNPJ Razão Social Inscrição Estadual e Data de nascimento - parte loja edição cadastro
   version   : 1.0.1
   vqmver    : 2.1.5
   author    : Jeann e-mail: jeann@surgimento.com.br twiter: @surgimento site: http://www.surgimento.com.br/ 
SEARCH NOT FOUND (ABORTING MOD): 'address_1' => $order_info['shipping_address_1'],

----------------------------------------------------------------------


---------- Date: 2013-07-18 07:41:14 ~ IP : 157.55.35.43 ----------
REQUEST URI : /index.php?route=account/order
MOD DETAILS:
   modFile   : /home/arrobaca/public_html/japan/vqmod/xml/cpf_cnpj_dataNascimento_loja_edicao_cad.xml
   id        : módulo de CPF CNPJ Razão Social Inscrição Estadual e Data de nascimento - parte loja edição cadastro
   version   : 1.0.1
   vqmver    : 2.1.5
   author    : Jeann e-mail: jeann@surgimento.com.br twiter: @surgimento site: http://www.surgimento.com.br/ 
SEARCH NOT FOUND (ABORTING MOD): 'address_1' => $order_info['shipping_address_1'],

----------------------------------------------------------------------


---------- Date: 2013-07-18 13:45:41 ~ IP : 72.5.66.85 ----------
REQUEST URI : /index.php?route=account/order
MOD DETAILS:
   modFile   : /home/arrobaca/public_html/japan/vqmod/xml/cpf_cnpj_dataNascimento_loja_edicao_cad.xml
   id        : módulo de CPF CNPJ Razão Social Inscrição Estadual e Data de nascimento - parte loja edição cadastro
   version   : 1.0.1
   vqmver    : 2.1.5
   author    : Jeann e-mail: jeann@surgimento.com.br twiter: @surgimento site: http://www.surgimento.com.br/ 
SEARCH NOT FOUND (ABORTING MOD): 'address_1' => $order_info['shipping_address_1'],

----------------------------------------------------------------------


---------- Date: 2013-07-19 03:01:43 ~ IP : 157.55.35.43 ----------
REQUEST URI : /index.php?route=account/order
MOD DETAILS:
   modFile   : /home/arrobaca/public_html/japan/vqmod/xml/cpf_cnpj_dataNascimento_loja_edicao_cad.xml
   id        : módulo de CPF CNPJ Razão Social Inscrição Estadual e Data de nascimento - parte loja edição cadastro
   version   : 1.0.1
   vqmver    : 2.1.5
   author    : Jeann e-mail: jeann@surgimento.com.br twiter: @surgimento site: http://www.surgimento.com.br/ 
SEARCH NOT FOUND (ABORTING MOD): 'address_1' => $order_info['shipping_address_1'],

----------------------------------------------------------------------


---------- Date: 2013-07-19 15:51:29 ~ IP : 180.76.5.94 ----------
REQUEST URI : /index.php?route=account/order
MOD DETAILS:
   modFile   : /home/arrobaca/public_html/japan/vqmod/xml/cpf_cnpj_dataNascimento_loja_edicao_cad.xml
   id        : módulo de CPF CNPJ Razão Social Inscrição Estadual e Data de nascimento - parte loja edição cadastro
   version   : 1.0.1
   vqmver    : 2.1.5
   author    : Jeann e-mail: jeann@surgimento.com.br twiter: @surgimento site: http://www.surgimento.com.br/ 
SEARCH NOT FOUND (ABORTING MOD): 'address_1' => $order_info['shipping_address_1'],

----------------------------------------------------------------------


---------- Date: 2013-07-24 03:35:21 ~ IP : 217.73.208.86 ----------
REQUEST URI : /index.php?route=account/order
MOD DETAILS:
   modFile   : /home/arrobaca/public_html/japan/vqmod/xml/cpf_cnpj_dataNascimento_loja_edicao_cad.xml
   id        : módulo de CPF CNPJ Razão Social Inscrição Estadual e Data de nascimento - parte loja edição cadastro
   version   : 1.0.1
   vqmver    : 2.1.5
   author    : Jeann e-mail: jeann@surgimento.com.br twiter: @surgimento site: http://www.surgimento.com.br/ 
SEARCH NOT FOUND (ABORTING MOD): 'address_1' => $order_info['shipping_address_1'],

----------------------------------------------------------------------


---------- Date: 2013-07-28 19:49:39 ~ IP : 157.55.35.40 ----------
REQUEST URI : /index.php?route=account/order
MOD DETAILS:
   modFile   : /home/arrobaca/public_html/japan/vqmod/xml/cpf_cnpj_dataNascimento_loja_edicao_cad.xml
   id        : módulo de CPF CNPJ Razão Social Inscrição Estadual e Data de nascimento - parte loja edição cadastro
   version   : 1.0.1
   vqmver    : 2.1.5
   author    : Jeann e-mail: jeann@surgimento.com.br twiter: @surgimento site: http://www.surgimento.com.br/ 
SEARCH NOT FOUND (ABORTING MOD): 'address_1' => $order_info['shipping_address_1'],

----------------------------------------------------------------------


---------- Date: 2013-07-30 06:28:34 ~ IP : 110.208.169.141 ----------
REQUEST URI : /index.php?route=account/order
MOD DETAILS:
   modFile   : /home/arrobaca/public_html/japan/vqmod/xml/cpf_cnpj_dataNascimento_loja_edicao_cad.xml
   id        : módulo de CPF CNPJ Razão Social Inscrição Estadual e Data de nascimento - parte loja edição cadastro
   version   : 1.0.1
   vqmver    : 2.1.5
   author    : Jeann e-mail: jeann@surgimento.com.br twiter: @surgimento site: http://www.surgimento.com.br/ 
SEARCH NOT FOUND (ABORTING MOD): 'address_1' => $order_info['shipping_address_1'],

----------------------------------------------------------------------


---------- Date: 2013-08-01 21:44:34 ~ IP : 72.5.66.84 ----------
REQUEST URI : /index.php?route=account/order
MOD DETAILS:
   modFile   : /home/arrobaca/public_html/japan/vqmod/xml/cpf_cnpj_dataNascimento_loja_edicao_cad.xml
   id        : módulo de CPF CNPJ Razão Social Inscrição Estadual e Data de nascimento - parte loja edição cadastro
   version   : 1.0.1
   vqmver    : 2.1.5
   author    : Jeann e-mail: jeann@surgimento.com.br twiter: @surgimento site: http://www.surgimento.com.br/ 
SEARCH NOT FOUND (ABORTING MOD): 'address_1' => $order_info['shipping_address_1'],

----------------------------------------------------------------------


---------- Date: 2013-08-03 10:04:10 ~ IP : 131.253.24.77 ----------
REQUEST URI : /index.php?route=account/order
MOD DETAILS:
   modFile   : /home/arrobaca/public_html/japan/vqmod/xml/cpf_cnpj_dataNascimento_loja_edicao_cad.xml
   id        : módulo de CPF CNPJ Razão Social Inscrição Estadual e Data de nascimento - parte loja edição cadastro
   version   : 1.0.1
   vqmver    : 2.1.5
   author    : Jeann e-mail: jeann@surgimento.com.br twiter: @surgimento site: http://www.surgimento.com.br/ 
SEARCH NOT FOUND (ABORTING MOD): 'address_1' => $order_info['shipping_address_1'],

----------------------------------------------------------------------


---------- Date: 2013-08-03 15:05:51 ~ IP : 126.171.30.181 ----------
REQUEST URI : /index.php?route=account/order
MOD DETAILS:
   modFile   : /home/arrobaca/public_html/japan/vqmod/xml/cpf_cnpj_dataNascimento_loja_edicao_cad.xml
   id        : módulo de CPF CNPJ Razão Social Inscrição Estadual e Data de nascimento - parte loja edição cadastro
   version   : 1.0.1
   vqmver    : 2.1.5
   author    : Jeann e-mail: jeann@surgimento.com.br twiter: @surgimento site: http://www.surgimento.com.br/ 
SEARCH NOT FOUND (ABORTING MOD): 'address_1' => $order_info['shipping_address_1'],

----------------------------------------------------------------------


---------- Date: 2013-08-03 15:06:05 ~ IP : 126.171.30.181 ----------
REQUEST URI : /index.php?route=account/order
MOD DETAILS:
   modFile   : /home/arrobaca/public_html/japan/vqmod/xml/cpf_cnpj_dataNascimento_loja_edicao_cad.xml
   id        : módulo de CPF CNPJ Razão Social Inscrição Estadual e Data de nascimento - parte loja edição cadastro
   version   : 1.0.1
   vqmver    : 2.1.5
   author    : Jeann e-mail: jeann@surgimento.com.br twiter: @surgimento site: http://www.surgimento.com.br/ 
SEARCH NOT FOUND (ABORTING MOD): 'address_1' => $order_info['shipping_address_1'],

----------------------------------------------------------------------


---------- Date: 2013-08-03 15:06:30 ~ IP : 126.171.30.181 ----------
REQUEST URI : /index.php?route=account/order/info&amp;order_id=206
MOD DETAILS:
   modFile   : /home/arrobaca/public_html/japan/vqmod/xml/cpf_cnpj_dataNascimento_loja_edicao_cad.xml
   id        : módulo de CPF CNPJ Razão Social Inscrição Estadual e Data de nascimento - parte loja edição cadastro
   version   : 1.0.1
   vqmver    : 2.1.5
   author    : Jeann e-mail: jeann@surgimento.com.br twiter: @surgimento site: http://www.surgimento.com.br/ 
SEARCH NOT FOUND (ABORTING MOD): 'address_1' => $order_info['shipping_address_1'],

----------------------------------------------------------------------


---------- Date: 2013-08-06 14:32:59 ~ IP : 126.159.80.245 ----------
REQUEST URI : /index.php?route=account/order
MOD DETAILS:
   modFile   : /home/arrobaca/public_html/japan/vqmod/xml/cpf_cnpj_dataNascimento_loja_edicao_cad.xml
   id        : módulo de CPF CNPJ Razão Social Inscrição Estadual e Data de nascimento - parte loja edição cadastro
   version   : 1.0.1
   vqmver    : 2.1.5
   author    : Jeann e-mail: jeann@surgimento.com.br twiter: @surgimento site: http://www.surgimento.com.br/ 
SEARCH NOT FOUND (ABORTING MOD): 'address_1' => $order_info['shipping_address_1'],

----------------------------------------------------------------------


---------- Date: 2013-08-06 14:33:13 ~ IP : 126.159.80.245 ----------
REQUEST URI : /index.php?route=account/order/info&amp;order_id=206
MOD DETAILS:
   modFile   : /home/arrobaca/public_html/japan/vqmod/xml/cpf_cnpj_dataNascimento_loja_edicao_cad.xml
   id        : módulo de CPF CNPJ Razão Social Inscrição Estadual e Data de nascimento - parte loja edição cadastro
   version   : 1.0.1
   vqmver    : 2.1.5
   author    : Jeann e-mail: jeann@surgimento.com.br twiter: @surgimento site: http://www.surgimento.com.br/ 
SEARCH NOT FOUND (ABORTING MOD): 'address_1' => $order_info['shipping_address_1'],

----------------------------------------------------------------------


---------- Date: 2013-08-06 14:33:38 ~ IP : 126.159.80.245 ----------
REQUEST URI : /index.php?route=account/order
MOD DETAILS:
   modFile   : /home/arrobaca/public_html/japan/vqmod/xml/cpf_cnpj_dataNascimento_loja_edicao_cad.xml
   id        : módulo de CPF CNPJ Razão Social Inscrição Estadual e Data de nascimento - parte loja edição cadastro
   version   : 1.0.1
   vqmver    : 2.1.5
   author    : Jeann e-mail: jeann@surgimento.com.br twiter: @surgimento site: http://www.surgimento.com.br/ 
SEARCH NOT FOUND (ABORTING MOD): 'address_1' => $order_info['shipping_address_1'],

----------------------------------------------------------------------


---------- Date: 2013-08-07 08:09:28 ~ IP : 182.250.101.223 ----------
REQUEST URI : /index.php?route=account/order/info&amp;order_id=205
MOD DETAILS:
   modFile   : /home/arrobaca/public_html/japan/vqmod/xml/cpf_cnpj_dataNascimento_loja_edicao_cad.xml
   id        : módulo de CPF CNPJ Razão Social Inscrição Estadual e Data de nascimento - parte loja edição cadastro
   version   : 1.0.1
   vqmver    : 2.1.5
   author    : Jeann e-mail: jeann@surgimento.com.br twiter: @surgimento site: http://www.surgimento.com.br/ 
SEARCH NOT FOUND (ABORTING MOD): 'address_1' => $order_info['shipping_address_1'],

----------------------------------------------------------------------


---------- Date: 2013-08-07 08:43:22 ~ IP : 126.162.133.153 ----------
REQUEST URI : /index.php?route=account/order/info&amp;order_id=206
MOD DETAILS:
   modFile   : /home/arrobaca/public_html/japan/vqmod/xml/cpf_cnpj_dataNascimento_loja_edicao_cad.xml
   id        : módulo de CPF CNPJ Razão Social Inscrição Estadual e Data de nascimento - parte loja edição cadastro
   version   : 1.0.1
   vqmver    : 2.1.5
   author    : Jeann e-mail: jeann@surgimento.com.br twiter: @surgimento site: http://www.surgimento.com.br/ 
SEARCH NOT FOUND (ABORTING MOD): 'address_1' => $order_info['shipping_address_1'],

----------------------------------------------------------------------


---------- Date: 2013-08-14 08:00:46 ~ IP : 72.5.66.85 ----------
REQUEST URI : /index.php?route=account/order
MOD DETAILS:
   modFile   : /home/arrobaca/public_html/japan/vqmod/xml/cpf_cnpj_dataNascimento_loja_edicao_cad.xml
   id        : módulo de CPF CNPJ Razão Social Inscrição Estadual e Data de nascimento - parte loja edição cadastro
   version   : 1.0.1
   vqmver    : 2.1.5
   author    : Jeann e-mail: jeann@surgimento.com.br twiter: @surgimento site: http://www.surgimento.com.br/ 
SEARCH NOT FOUND (ABORTING MOD): 'address_1' => $order_info['shipping_address_1'],

----------------------------------------------------------------------


---------- Date: 2013-08-15 16:12:04 ~ IP : 180.76.6.231 ----------
REQUEST URI : /index.php?route=account/order
MOD DETAILS:
   modFile   : /home/arrobaca/public_html/japan/vqmod/xml/cpf_cnpj_dataNascimento_loja_edicao_cad.xml
   id        : módulo de CPF CNPJ Razão Social Inscrição Estadual e Data de nascimento - parte loja edição cadastro
   version   : 1.0.1
   vqmver    : 2.1.5
   author    : Jeann e-mail: jeann@surgimento.com.br twiter: @surgimento site: http://www.surgimento.com.br/ 
SEARCH NOT FOUND (ABORTING MOD): 'address_1' => $order_info['shipping_address_1'],

----------------------------------------------------------------------


---------- Date: 2013-08-17 00:42:52 ~ IP : 179.119.20.10 ----------
REQUEST URI : /index.php?route=account/order
MOD DETAILS:
   modFile   : /home/arrobaca/public_html/japan/vqmod/xml/cpf_cnpj_dataNascimento_loja_edicao_cad.xml
   id        : módulo de CPF CNPJ Razão Social Inscrição Estadual e Data de nascimento - parte loja edição cadastro
   version   : 1.0.1
   vqmver    : 2.1.5
   author    : Jeann e-mail: jeann@surgimento.com.br twiter: @surgimento site: http://www.surgimento.com.br/ 
SEARCH NOT FOUND (ABORTING MOD): 'address_1' => $order_info['shipping_address_1'],

----------------------------------------------------------------------


---------- Date: 2013-08-22 23:20:42 ~ IP : 180.31.54.197 ----------
REQUEST URI : /index.php?route=account/order
MOD DETAILS:
   modFile   : /home/arrobaca/public_html/japan/vqmod/xml/cpf_cnpj_dataNascimento_loja_edicao_cad.xml
   id        : módulo de CPF CNPJ Razão Social Inscrição Estadual e Data de nascimento - parte loja edição cadastro
   version   : 1.0.1
   vqmver    : 2.1.5
   author    : Jeann e-mail: jeann@surgimento.com.br twiter: @surgimento site: http://www.surgimento.com.br/ 
SEARCH NOT FOUND (ABORTING MOD): 'address_1' => $order_info['shipping_address_1'],

----------------------------------------------------------------------


---------- Date: 2013-08-22 23:25:49 ~ IP : 180.31.54.197 ----------
REQUEST URI : /index.php?route=account/order
MOD DETAILS:
   modFile   : /home/arrobaca/public_html/japan/vqmod/xml/cpf_cnpj_dataNascimento_loja_edicao_cad.xml
   id        : módulo de CPF CNPJ Razão Social Inscrição Estadual e Data de nascimento - parte loja edição cadastro
   version   : 1.0.1
   vqmver    : 2.1.5
   author    : Jeann e-mail: jeann@surgimento.com.br twiter: @surgimento site: http://www.surgimento.com.br/ 
SEARCH NOT FOUND (ABORTING MOD): 'address_1' => $order_info['shipping_address_1'],

----------------------------------------------------------------------


---------- Date: 2013-08-22 23:52:43 ~ IP : 182.249.103.132 ----------
REQUEST URI : /index.php?route=account/order
MOD DETAILS:
   modFile   : /home/arrobaca/public_html/japan/vqmod/xml/cpf_cnpj_dataNascimento_loja_edicao_cad.xml
   id        : módulo de CPF CNPJ Razão Social Inscrição Estadual e Data de nascimento - parte loja edição cadastro
   version   : 1.0.1
   vqmver    : 2.1.5
   author    : Jeann e-mail: jeann@surgimento.com.br twiter: @surgimento site: http://www.surgimento.com.br/ 
SEARCH NOT FOUND (ABORTING MOD): 'address_1' => $order_info['shipping_address_1'],

----------------------------------------------------------------------


---------- Date: 2013-08-24 11:51:45 ~ IP : 114.177.246.109 ----------
REQUEST URI : /index.php?route=account/order
MOD DETAILS:
   modFile   : /home/arrobaca/public_html/japan/vqmod/xml/cpf_cnpj_dataNascimento_loja_edicao_cad.xml
   id        : módulo de CPF CNPJ Razão Social Inscrição Estadual e Data de nascimento - parte loja edição cadastro
   version   : 1.0.1
   vqmver    : 2.1.5
   author    : Jeann e-mail: jeann@surgimento.com.br twiter: @surgimento site: http://www.surgimento.com.br/ 
SEARCH NOT FOUND (ABORTING MOD): 'address_1' => $order_info['shipping_address_1'],

----------------------------------------------------------------------


---------- Date: 2013-08-28 10:59:53 ~ IP : 66.11.12.231 ----------
REQUEST URI : /index.php?route=account/order
MOD DETAILS:
   modFile   : /home/arrobaca/public_html/japan/vqmod/xml/cpf_cnpj_dataNascimento_loja_edicao_cad.xml
   id        : módulo de CPF CNPJ Razão Social Inscrição Estadual e Data de nascimento - parte loja edição cadastro
   version   : 1.0.1
   vqmver    : 2.1.5
   author    : Jeann e-mail: jeann@surgimento.com.br twiter: @surgimento site: http://www.surgimento.com.br/ 
SEARCH NOT FOUND (ABORTING MOD): 'address_1' => $order_info['shipping_address_1'],

----------------------------------------------------------------------


---------- Date: 2013-08-31 02:42:29 ~ IP : 126.205.218.248 ----------
REQUEST URI : /index.php?route=account/order
MOD DETAILS:
   modFile   : /home/arrobaca/public_html/japan/vqmod/xml/cpf_cnpj_dataNascimento_loja_edicao_cad.xml
   id        : módulo de CPF CNPJ Razão Social Inscrição Estadual e Data de nascimento - parte loja edição cadastro
   version   : 1.0.1
   vqmver    : 2.1.5
   author    : Jeann e-mail: jeann@surgimento.com.br twiter: @surgimento site: http://www.surgimento.com.br/ 
SEARCH NOT FOUND (ABORTING MOD): 'address_1' => $order_info['shipping_address_1'],

----------------------------------------------------------------------


---------- Date: 2013-09-04 13:06:17 ~ IP : 126.205.75.89 ----------
REQUEST URI : /index.php?route=account/order/info&amp;order_id=210
MOD DETAILS:
   modFile   : /home/arrobaca/public_html/japan/vqmod/xml/cpf_cnpj_dataNascimento_loja_edicao_cad.xml
   id        : módulo de CPF CNPJ Razão Social Inscrição Estadual e Data de nascimento - parte loja edição cadastro
   version   : 1.0.1
   vqmver    : 2.1.5
   author    : Jeann e-mail: jeann@surgimento.com.br twiter: @surgimento site: http://www.surgimento.com.br/ 
SEARCH NOT FOUND (ABORTING MOD): 'address_1' => $order_info['shipping_address_1'],

----------------------------------------------------------------------


---------- Date: 2013-09-04 21:40:41 ~ IP : 69.84.207.246 ----------
REQUEST URI : /index.php?route=account/order
MOD DETAILS:
   modFile   : /home/arrobaca/public_html/japan/vqmod/xml/cpf_cnpj_dataNascimento_loja_edicao_cad.xml
   id        : módulo de CPF CNPJ Razão Social Inscrição Estadual e Data de nascimento - parte loja edição cadastro
   version   : 1.0.1
   vqmver    : 2.1.5
   author    : Jeann e-mail: jeann@surgimento.com.br twiter: @surgimento site: http://www.surgimento.com.br/ 
SEARCH NOT FOUND (ABORTING MOD): 'address_1' => $order_info['shipping_address_1'],

----------------------------------------------------------------------


---------- Date: 2013-09-05 03:19:58 ~ IP : 180.24.245.103 ----------
REQUEST URI : /index.php?route=account/order/info&amp;order_id=210
MOD DETAILS:
   modFile   : /home/arrobaca/public_html/japan/vqmod/xml/cpf_cnpj_dataNascimento_loja_edicao_cad.xml
   id        : módulo de CPF CNPJ Razão Social Inscrição Estadual e Data de nascimento - parte loja edição cadastro
   version   : 1.0.1
   vqmver    : 2.1.5
   author    : Jeann e-mail: jeann@surgimento.com.br twiter: @surgimento site: http://www.surgimento.com.br/ 
SEARCH NOT FOUND (ABORTING MOD): 'address_1' => $order_info['shipping_address_1'],

----------------------------------------------------------------------


---------- Date: 2013-09-05 10:02:08 ~ IP : 157.55.33.14 ----------
REQUEST URI : /index.php?route=account/order
MOD DETAILS:
   modFile   : /home/arrobaca/public_html/japan/vqmod/xml/cpf_cnpj_dataNascimento_loja_edicao_cad.xml
   id        : módulo de CPF CNPJ Razão Social Inscrição Estadual e Data de nascimento - parte loja edição cadastro
   version   : 1.0.1
   vqmver    : 2.1.5
   author    : Jeann e-mail: jeann@surgimento.com.br twiter: @surgimento site: http://www.surgimento.com.br/ 
SEARCH NOT FOUND (ABORTING MOD): 'address_1' => $order_info['shipping_address_1'],

----------------------------------------------------------------------


---------- Date: 2013-09-05 16:33:49 ~ IP : 66.11.12.232 ----------
REQUEST URI : /index.php?route=account/order
MOD DETAILS:
   modFile   : /home/arrobaca/public_html/japan/vqmod/xml/cpf_cnpj_dataNascimento_loja_edicao_cad.xml
   id        : módulo de CPF CNPJ Razão Social Inscrição Estadual e Data de nascimento - parte loja edição cadastro
   version   : 1.0.1
   vqmver    : 2.1.5
   author    : Jeann e-mail: jeann@surgimento.com.br twiter: @surgimento site: http://www.surgimento.com.br/ 
SEARCH NOT FOUND (ABORTING MOD): 'address_1' => $order_info['shipping_address_1'],

----------------------------------------------------------------------


---------- Date: 2013-09-06 00:44:31 ~ IP : 131.253.24.42 ----------
REQUEST URI : /index.php?route=account/order
MOD DETAILS:
   modFile   : /home/arrobaca/public_html/japan/vqmod/xml/cpf_cnpj_dataNascimento_loja_edicao_cad.xml
   id        : módulo de CPF CNPJ Razão Social Inscrição Estadual e Data de nascimento - parte loja edição cadastro
   version   : 1.0.1
   vqmver    : 2.1.5
   author    : Jeann e-mail: jeann@surgimento.com.br twiter: @surgimento site: http://www.surgimento.com.br/ 
SEARCH NOT FOUND (ABORTING MOD): 'address_1' => $order_info['shipping_address_1'],

----------------------------------------------------------------------


---------- Date: 2013-09-08 10:29:01 ~ IP : 131.253.24.65 ----------
REQUEST URI : /index.php?route=account/order
MOD DETAILS:
   modFile   : /home/arrobaca/public_html/japan/vqmod/xml/cpf_cnpj_dataNascimento_loja_edicao_cad.xml
   id        : módulo de CPF CNPJ Razão Social Inscrição Estadual e Data de nascimento - parte loja edição cadastro
   version   : 1.0.1
   vqmver    : 2.1.5
   author    : Jeann e-mail: jeann@surgimento.com.br twiter: @surgimento site: http://www.surgimento.com.br/ 
SEARCH NOT FOUND (ABORTING MOD): 'address_1' => $order_info['shipping_address_1'],

----------------------------------------------------------------------


---------- Date: 2013-09-11 17:09:29 ~ IP : 60.46.77.106 ----------
REQUEST URI : /index.php?route=account/order/info&amp;order_id=215
MOD DETAILS:
   modFile   : /home/arrobaca/public_html/japan/vqmod/xml/cpf_cnpj_dataNascimento_loja_edicao_cad.xml
   id        : módulo de CPF CNPJ Razão Social Inscrição Estadual e Data de nascimento - parte loja edição cadastro
   version   : 1.0.1
   vqmver    : 2.1.5
   author    : Jeann e-mail: jeann@surgimento.com.br twiter: @surgimento site: http://www.surgimento.com.br/ 
SEARCH NOT FOUND (ABORTING MOD): 'address_1' => $order_info['shipping_address_1'],

----------------------------------------------------------------------


---------- Date: 2013-09-11 17:10:17 ~ IP : 60.46.77.106 ----------
REQUEST URI : /index.php?route=account/order/info&amp;order_id=215
MOD DETAILS:
   modFile   : /home/arrobaca/public_html/japan/vqmod/xml/cpf_cnpj_dataNascimento_loja_edicao_cad.xml
   id        : módulo de CPF CNPJ Razão Social Inscrição Estadual e Data de nascimento - parte loja edição cadastro
   version   : 1.0.1
   vqmver    : 2.1.5
   author    : Jeann e-mail: jeann@surgimento.com.br twiter: @surgimento site: http://www.surgimento.com.br/ 
SEARCH NOT FOUND (ABORTING MOD): 'address_1' => $order_info['shipping_address_1'],

----------------------------------------------------------------------


---------- Date: 2013-09-13 11:28:48 ~ IP : 112.139.69.195 ----------
REQUEST URI : /index.php?route=account/order
MOD DETAILS:
   modFile   : /home/arrobaca/public_html/japan/vqmod/xml/cpf_cnpj_dataNascimento_loja_edicao_cad.xml
   id        : módulo de CPF CNPJ Razão Social Inscrição Estadual e Data de nascimento - parte loja edição cadastro
   version   : 1.0.1
   vqmver    : 2.1.5
   author    : Jeann e-mail: jeann@surgimento.com.br twiter: @surgimento site: http://www.surgimento.com.br/ 
SEARCH NOT FOUND (ABORTING MOD): 'address_1' => $order_info['shipping_address_1'],

----------------------------------------------------------------------


---------- Date: 2013-09-14 23:04:37 ~ IP : 65.55.213.68 ----------
REQUEST URI : /index.php?route=account/order
MOD DETAILS:
   modFile   : /home/arrobaca/public_html/japan/vqmod/xml/cpf_cnpj_dataNascimento_loja_edicao_cad.xml
   id        : módulo de CPF CNPJ Razão Social Inscrição Estadual e Data de nascimento - parte loja edição cadastro
   version   : 1.0.1
   vqmver    : 2.1.5
   author    : Jeann e-mail: jeann@surgimento.com.br twiter: @surgimento site: http://www.surgimento.com.br/ 
SEARCH NOT FOUND (ABORTING MOD): 'address_1' => $order_info['shipping_address_1'],

----------------------------------------------------------------------


---------- Date: 2013-09-26 09:47:46 ~ IP : 46.165.197.142 ----------
REQUEST URI : /index.php?route=account/order
MOD DETAILS:
   modFile   : /home/arrobaca/public_html/japan/vqmod/xml/cpf_cnpj_dataNascimento_loja_edicao_cad.xml
   id        : módulo de CPF CNPJ Razão Social Inscrição Estadual e Data de nascimento - parte loja edição cadastro
   version   : 1.0.1
   vqmver    : 2.1.5
   author    : Jeann e-mail: jeann@surgimento.com.br twiter: @surgimento site: http://www.surgimento.com.br/ 
SEARCH NOT FOUND (ABORTING MOD): 'address_1' => $order_info['shipping_address_1'],

----------------------------------------------------------------------


---------- Date: 2013-09-26 09:47:56 ~ IP : 46.165.197.142 ----------
REQUEST URI : /index.php?route=account/order
MOD DETAILS:
   modFile   : /home/arrobaca/public_html/japan/vqmod/xml/cpf_cnpj_dataNascimento_loja_edicao_cad.xml
   id        : módulo de CPF CNPJ Razão Social Inscrição Estadual e Data de nascimento - parte loja edição cadastro
   version   : 1.0.1
   vqmver    : 2.1.5
   author    : Jeann e-mail: jeann@surgimento.com.br twiter: @surgimento site: http://www.surgimento.com.br/ 
SEARCH NOT FOUND (ABORTING MOD): 'address_1' => $order_info['shipping_address_1'],

----------------------------------------------------------------------


---------- Date: 2013-09-26 18:49:30 ~ IP : 65.55.213.68 ----------
REQUEST URI : /index.php?route=account/order
MOD DETAILS:
   modFile   : /home/arrobaca/public_html/japan/vqmod/xml/cpf_cnpj_dataNascimento_loja_edicao_cad.xml
   id        : módulo de CPF CNPJ Razão Social Inscrição Estadual e Data de nascimento - parte loja edição cadastro
   version   : 1.0.1
   vqmver    : 2.1.5
   author    : Jeann e-mail: jeann@surgimento.com.br twiter: @surgimento site: http://www.surgimento.com.br/ 
SEARCH NOT FOUND (ABORTING MOD): 'address_1' => $order_info['shipping_address_1'],

----------------------------------------------------------------------


---------- Date: 2013-09-30 18:40:55 ~ IP : 65.55.213.68 ----------
REQUEST URI : /index.php?route=account/order
MOD DETAILS:
   modFile   : /home/arrobaca/public_html/japan/vqmod/xml/cpf_cnpj_dataNascimento_loja_edicao_cad.xml
   id        : módulo de CPF CNPJ Razão Social Inscrição Estadual e Data de nascimento - parte loja edição cadastro
   version   : 1.0.1
   vqmver    : 2.1.5
   author    : Jeann e-mail: jeann@surgimento.com.br twiter: @surgimento site: http://www.surgimento.com.br/ 
SEARCH NOT FOUND (ABORTING MOD): 'address_1' => $order_info['shipping_address_1'],

----------------------------------------------------------------------


---------- Date: 2013-10-02 07:57:25 ~ IP : 66.11.12.232 ----------
REQUEST URI : /index.php?route=account/order
MOD DETAILS:
   modFile   : /home/arrobaca/public_html/japan/vqmod/xml/cpf_cnpj_dataNascimento_loja_edicao_cad.xml
   id        : módulo de CPF CNPJ Razão Social Inscrição Estadual e Data de nascimento - parte loja edição cadastro
   version   : 1.0.1
   vqmver    : 2.1.5
   author    : Jeann e-mail: jeann@surgimento.com.br twiter: @surgimento site: http://www.surgimento.com.br/ 
SEARCH NOT FOUND (ABORTING MOD): 'address_1' => $order_info['shipping_address_1'],

----------------------------------------------------------------------


---------- Date: 2013-10-08 17:53:36 ~ IP : 126.205.86.120 ----------
REQUEST URI : /index.php?route=account/order
MOD DETAILS:
   modFile   : /home/arrobaca/public_html/japan/vqmod/xml/cpf_cnpj_dataNascimento_loja_edicao_cad.xml
   id        : módulo de CPF CNPJ Razão Social Inscrição Estadual e Data de nascimento - parte loja edição cadastro
   version   : 1.0.1
   vqmver    : 2.1.5
   author    : Jeann e-mail: jeann@surgimento.com.br twiter: @surgimento site: http://www.surgimento.com.br/ 
SEARCH NOT FOUND (ABORTING MOD): 'address_1' => $order_info['shipping_address_1'],

----------------------------------------------------------------------


---------- Date: 2013-10-12 15:49:06 ~ IP : 157.55.32.143 ----------
REQUEST URI : /index.php?route=account/order
MOD DETAILS:
   modFile   : /home/arrobaca/public_html/japan/vqmod/xml/cpf_cnpj_dataNascimento_loja_edicao_cad.xml
   id        : módulo de CPF CNPJ Razão Social Inscrição Estadual e Data de nascimento - parte loja edição cadastro
   version   : 1.0.1
   vqmver    : 2.1.5
   author    : Jeann e-mail: jeann@surgimento.com.br twiter: @surgimento site: http://www.surgimento.com.br/ 
SEARCH NOT FOUND (ABORTING MOD): 'address_1' => $order_info['shipping_address_1'],

----------------------------------------------------------------------


---------- Date: 2013-10-14 10:58:09 ~ IP : 126.254.96.109 ----------
REQUEST URI : /index.php?route=account/order
MOD DETAILS:
   modFile   : /home/arrobaca/public_html/japan/vqmod/xml/cpf_cnpj_dataNascimento_loja_edicao_cad.xml
   id        : módulo de CPF CNPJ Razão Social Inscrição Estadual e Data de nascimento - parte loja edição cadastro
   version   : 1.0.1
   vqmver    : 2.1.5
   author    : Jeann e-mail: jeann@surgimento.com.br twiter: @surgimento site: http://www.surgimento.com.br/ 
SEARCH NOT FOUND (ABORTING MOD): 'address_1' => $order_info['shipping_address_1'],

----------------------------------------------------------------------


---------- Date: 2013-10-14 16:17:02 ~ IP : 49.97.42.96 ----------
REQUEST URI : /index.php?route=account/order
MOD DETAILS:
   modFile   : /home/arrobaca/public_html/japan/vqmod/xml/cpf_cnpj_dataNascimento_loja_edicao_cad.xml
   id        : módulo de CPF CNPJ Razão Social Inscrição Estadual e Data de nascimento - parte loja edição cadastro
   version   : 1.0.1
   vqmver    : 2.1.5
   author    : Jeann e-mail: jeann@surgimento.com.br twiter: @surgimento site: http://www.surgimento.com.br/ 
SEARCH NOT FOUND (ABORTING MOD): 'address_1' => $order_info['shipping_address_1'],

----------------------------------------------------------------------


---------- Date: 2013-10-16 22:51:45 ~ IP : 66.11.12.234 ----------
REQUEST URI : /index.php?route=account/order
MOD DETAILS:
   modFile   : /home/arrobaca/public_html/japan/vqmod/xml/cpf_cnpj_dataNascimento_loja_edicao_cad.xml
   id        : módulo de CPF CNPJ Razão Social Inscrição Estadual e Data de nascimento - parte loja edição cadastro
   version   : 1.0.1
   vqmver    : 2.1.5
   author    : Jeann e-mail: jeann@surgimento.com.br twiter: @surgimento site: http://www.surgimento.com.br/ 
SEARCH NOT FOUND (ABORTING MOD): 'address_1' => $order_info['shipping_address_1'],

----------------------------------------------------------------------


---------- Date: 2013-10-24 08:53:29 ~ IP : 126.209.214.103 ----------
REQUEST URI : /index.php?route=account/order
MOD DETAILS:
   modFile   : /home/arrobaca/public_html/japan/vqmod/xml/cpf_cnpj_dataNascimento_loja_edicao_cad.xml
   id        : módulo de CPF CNPJ Razão Social Inscrição Estadual e Data de nascimento - parte loja edição cadastro
   version   : 1.0.1
   vqmver    : 2.1.5
   author    : Jeann e-mail: jeann@surgimento.com.br twiter: @surgimento site: http://www.surgimento.com.br/ 
SEARCH NOT FOUND (ABORTING MOD): 'address_1' => $order_info['shipping_address_1'],

----------------------------------------------------------------------


---------- Date: 2013-10-25 23:28:51 ~ IP : 1.78.20.82 ----------
REQUEST URI : /index.php?route=account/order/info&amp;order_id=221
MOD DETAILS:
   modFile   : /home/arrobaca/public_html/japan/vqmod/xml/cpf_cnpj_dataNascimento_loja_edicao_cad.xml
   id        : módulo de CPF CNPJ Razão Social Inscrição Estadual e Data de nascimento - parte loja edição cadastro
   version   : 1.0.1
   vqmver    : 2.1.5
   author    : Jeann e-mail: jeann@surgimento.com.br twiter: @surgimento site: http://www.surgimento.com.br/ 
SEARCH NOT FOUND (ABORTING MOD): 'address_1' => $order_info['shipping_address_1'],

----------------------------------------------------------------------


---------- Date: 2013-10-28 11:54:12 ~ IP : 122.130.125.216 ----------
REQUEST URI : /index.php?route=account/order
MOD DETAILS:
   modFile   : /home/arrobaca/public_html/japan/vqmod/xml/cpf_cnpj_dataNascimento_loja_edicao_cad.xml
   id        : módulo de CPF CNPJ Razão Social Inscrição Estadual e Data de nascimento - parte loja edição cadastro
   version   : 1.0.1
   vqmver    : 2.1.5
   author    : Jeann e-mail: jeann@surgimento.com.br twiter: @surgimento site: http://www.surgimento.com.br/ 
SEARCH NOT FOUND (ABORTING MOD): 'address_1' => $order_info['shipping_address_1'],

----------------------------------------------------------------------


---------- Date: 2013-10-28 11:54:18 ~ IP : 122.130.125.216 ----------
REQUEST URI : /index.php?route=account/order/info&amp;order_id=173
MOD DETAILS:
   modFile   : /home/arrobaca/public_html/japan/vqmod/xml/cpf_cnpj_dataNascimento_loja_edicao_cad.xml
   id        : módulo de CPF CNPJ Razão Social Inscrição Estadual e Data de nascimento - parte loja edição cadastro
   version   : 1.0.1
   vqmver    : 2.1.5
   author    : Jeann e-mail: jeann@surgimento.com.br twiter: @surgimento site: http://www.surgimento.com.br/ 
SEARCH NOT FOUND (ABORTING MOD): 'address_1' => $order_info['shipping_address_1'],

----------------------------------------------------------------------


---------- Date: 2013-10-29 13:29:13 ~ IP : 157.55.33.88 ----------
REQUEST URI : /index.php?route=account/order
MOD DETAILS:
   modFile   : /home/arrobaca/public_html/japan/vqmod/xml/cpf_cnpj_dataNascimento_loja_edicao_cad.xml
   id        : módulo de CPF CNPJ Razão Social Inscrição Estadual e Data de nascimento - parte loja edição cadastro
   version   : 1.0.1
   vqmver    : 2.1.5
   author    : Jeann e-mail: jeann@surgimento.com.br twiter: @surgimento site: http://www.surgimento.com.br/ 
SEARCH NOT FOUND (ABORTING MOD): 'address_1' => $order_info['shipping_address_1'],

----------------------------------------------------------------------


